[2024-12-16 15:49:52] Plantes mises à jour
[2024-12-16 15:49:52] ERREUR : SQLSTATE[42S22]: Column not found: 1054 Unknown column 'status' in 'where clause'
[2024-12-16 15:52:23] Plantes mises à jour
[2024-12-16 15:52:23] ERREUR : SQLSTATE[42S22]: Column not found: 1054 Unknown column 'status' in 'where clause'
[2024-12-16 15:53:15] Plantes mises à jour
[2024-12-16 15:53:15] ERREUR : SQLSTATE[42S22]: Column not found: 1054 Unknown column 'status' in 'where clause'
[2024-12-16 15:54:20] Plantes mises à jour
[2024-12-16 15:54:20] Événements mis à jour
[2024-12-16 15:54:20] Jour de jeu actuel : 2047-01-15
[2024-12-16 15:54:42] Plantes mises à jour
[2024-12-16 15:54:42] Événements mis à jour
[2024-12-16 15:54:42] Jour de jeu actuel : 2047-01-15
[2024-12-16 15:58:03] ℹ️ === Début de la mise à jour du jeu ===

[2024-12-16 15:58:03] ✅ 7 plantes mises à jour
[2024-12-16 15:58:03] ℹ️ Pas besoin de rafraîchir les missions maintenant
[2024-12-16 15:58:03] ℹ️ Aucun événement de guilde à terminer
[2024-12-16 15:58:03] ℹ️ Jour de jeu actuel : 2047-01-15
[2024-12-16 15:58:03] ℹ️ 
=== Résumé de la mise à jour ===
[2024-12-16 15:58:03] ℹ️ Plantes mises à jour : 7
[2024-12-16 15:58:03] ℹ️ Missions rafraîchies : 0
[2024-12-16 15:58:03] ℹ️ Événements terminés : 0
[2024-12-16 15:58:03] ℹ️ === Fin de la mise à jour ===

[2024-12-16 16:00:20] ℹ️ === Début de la mise à jour du jeu ===

[2024-12-16 16:00:20] ✅ 7 plantes mises à jour
[2024-12-16 16:00:20] ℹ️ Pas besoin de rafraîchir les missions maintenant
[2024-12-16 16:00:20] ℹ️ Aucun événement de guilde à terminer
[2024-12-16 16:00:20] ℹ️ Jour de jeu actuel : 2047-01-16
[2024-12-16 16:00:20] ℹ️ 
=== Résumé de la mise à jour ===
[2024-12-16 16:00:20] ℹ️ Plantes mises à jour : 7
[2024-12-16 16:00:20] ℹ️ Missions rafraîchies : 0
[2024-12-16 16:00:20] ℹ️ Événements terminés : 0
[2024-12-16 16:00:20] ℹ️ === Fin de la mise à jour ===

[2024-12-16 17:00:19] ℹ️ === Début de la mise à jour du jeu ===

[2024-12-16 17:00:19] ✅ 7 plantes mises à jour
[2024-12-16 17:00:19] ℹ️ Pas besoin de rafraîchir les missions maintenant
[2024-12-16 17:00:19] ℹ️ Aucun événement de guilde à terminer
[2024-12-16 17:00:19] ℹ️ Jour de jeu actuel : 2047-01-17
[2024-12-16 17:00:19] ℹ️ 
=== Résumé de la mise à jour ===
[2024-12-16 17:00:19] ℹ️ Plantes mises à jour : 7
[2024-12-16 17:00:19] ℹ️ Missions rafraîchies : 0
[2024-12-16 17:00:19] ℹ️ Événements terminés : 0
[2024-12-16 17:00:19] ℹ️ === Fin de la mise à jour ===

[2024-12-16 18:00:20] ℹ️ === Début de la mise à jour du jeu ===

[2024-12-16 18:00:20] ✅ 7 plantes mises à jour
[2024-12-16 18:00:20] ℹ️ Pas besoin de rafraîchir les missions maintenant
[2024-12-16 18:00:20] ℹ️ Aucun événement de guilde à terminer
[2024-12-16 18:00:20] ℹ️ Jour de jeu actuel : 2047-01-18
[2024-12-16 18:00:20] ℹ️ 
=== Résumé de la mise à jour ===
[2024-12-16 18:00:20] ℹ️ Plantes mises à jour : 7
[2024-12-16 18:00:20] ℹ️ Missions rafraîchies : 0
[2024-12-16 18:00:20] ℹ️ Événements terminés : 0
[2024-12-16 18:00:20] ℹ️ === Fin de la mise à jour ===

[2024-12-16 19:00:21] ℹ️ === Début de la mise à jour du jeu ===

[2024-12-16 19:00:21] ✅ 7 plantes mises à jour
[2024-12-16 19:00:21] ℹ️ Pas besoin de rafraîchir les missions maintenant
[2024-12-16 19:00:21] ℹ️ Aucun événement de guilde à terminer
[2024-12-16 19:00:21] ℹ️ Jour de jeu actuel : 2047-01-19
[2024-12-16 19:00:21] ℹ️ 
=== Résumé de la mise à jour ===
[2024-12-16 19:00:21] ℹ️ Plantes mises à jour : 7
[2024-12-16 19:00:21] ℹ️ Missions rafraîchies : 0
[2024-12-16 19:00:21] ℹ️ Événements terminés : 0
[2024-12-16 19:00:21] ℹ️ === Fin de la mise à jour ===

[2024-12-16 20:00:21] ℹ️ === Début de la mise à jour du jeu ===

[2024-12-16 20:00:21] ✅ 7 plantes mises à jour
[2024-12-16 20:00:21] ℹ️ Pas besoin de rafraîchir les missions maintenant
[2024-12-16 20:00:21] ℹ️ Aucun événement de guilde à terminer
[2024-12-16 20:00:21] ℹ️ Jour de jeu actuel : 2047-01-20
[2024-12-16 20:00:21] ℹ️ 
=== Résumé de la mise à jour ===
[2024-12-16 20:00:21] ℹ️ Plantes mises à jour : 7
[2024-12-16 20:00:21] ℹ️ Missions rafraîchies : 0
[2024-12-16 20:00:21] ℹ️ Événements terminés : 0
[2024-12-16 20:00:21] ℹ️ === Fin de la mise à jour ===

[2024-12-16 20:39:52] ℹ️ === Début de la mise à jour du jeu ===

[2024-12-16 20:41:13] ℹ️ === Début de la mise à jour du jeu ===

[2024-12-16 20:42:24] ℹ️ === Début de la mise à jour du jeu ===

[2024-12-16 20:42:24] ✅ 7 plantes mises à jour
[2024-12-16 20:46:50] ℹ️ === Début de la mise à jour du jeu ===

[2024-12-16 20:46:50] ✅ 7 plantes mises à jour
[2024-12-16 20:46:50] ✅ Environnement mis à jour
[2024-12-16 20:46:50] ℹ️ Pas besoin de rafraîchir les missions maintenant
[2024-12-16 20:46:50] ℹ️ Aucun événement de guilde à terminer
[2024-12-16 20:46:50] ℹ️ Jour de jeu actuel : 2047-01-20
[2024-12-16 20:46:50] ℹ️ 
=== Résumé de la mise à jour ===
[2024-12-16 20:46:50] ℹ️ Plantes mises à jour : 7
[2024-12-16 20:46:50] ℹ️ Missions rafraîchies : 0
[2024-12-16 20:46:50] ℹ️ Événements terminés : 0
[2024-12-16 20:46:50] ℹ️ === Fin de la mise à jour ===

[2024-12-16 21:00:21] ℹ️ === Début de la mise à jour du jeu ===

[2024-12-16 21:00:21] ✅ 7 plantes mises à jour
[2024-12-16 21:00:21] ✅ Environnement mis à jour
[2024-12-16 21:00:21] ℹ️ Pas besoin de rafraîchir les missions maintenant
[2024-12-16 21:00:21] ℹ️ Aucun événement de guilde à terminer
[2024-12-16 21:00:21] ℹ️ Jour de jeu actuel : 2047-01-21
[2024-12-16 21:00:21] ℹ️ 
=== Résumé de la mise à jour ===
[2024-12-16 21:00:21] ℹ️ Plantes mises à jour : 7
[2024-12-16 21:00:21] ℹ️ Missions rafraîchies : 0
[2024-12-16 21:00:21] ℹ️ Événements terminés : 0
[2024-12-16 21:00:21] ℹ️ === Fin de la mise à jour ===

[2024-12-16 22:00:21] ℹ️ === Début de la mise à jour du jeu ===

[2024-12-16 22:00:21] ✅ 7 plantes mises à jour
[2024-12-16 23:00:21] ℹ️ === Début de la mise à jour du jeu ===

[2024-12-16 23:00:21] ✅ 7 plantes mises à jour
[2024-12-16 23:00:21] ✅ Environnement mis à jour
[2024-12-16 23:00:21] ℹ️ Pas besoin de rafraîchir les missions maintenant
[2024-12-16 23:00:21] ℹ️ Aucun événement de guilde à terminer
[2024-12-16 23:00:21] ℹ️ Jour de jeu actuel : 2047-01-23
[2024-12-16 23:00:21] ℹ️ 
=== Résumé de la mise à jour ===
[2024-12-16 23:00:21] ℹ️ Plantes mises à jour : 7
[2024-12-16 23:00:21] ℹ️ Missions rafraîchies : 0
[2024-12-16 23:00:21] ℹ️ Événements terminés : 0
[2024-12-16 23:00:21] ℹ️ === Fin de la mise à jour ===

[2024-12-17 00:00:26] ℹ️ === Début de la mise à jour du jeu ===

[2024-12-17 00:00:26] ✅ 7 plantes mises à jour
[2024-12-17 00:00:26] ✅ Environnement mis à jour
[2024-12-17 00:00:26] ✅ Missions rafraîchies pour 3 utilisateurs
[2024-12-17 00:00:26] ℹ️ Aucun événement de guilde à terminer
[2024-12-17 00:00:26] ℹ️ Jour de jeu actuel : 2047-01-24
[2024-12-17 00:00:26] ℹ️ 
=== Résumé de la mise à jour ===
[2024-12-17 00:00:26] ℹ️ Plantes mises à jour : 7
[2024-12-17 00:00:26] ℹ️ Missions rafraîchies : 3
[2024-12-17 00:00:26] ℹ️ Événements terminés : 0
[2024-12-17 00:00:26] ℹ️ === Fin de la mise à jour ===

[2024-12-17 01:00:21] ℹ️ === Début de la mise à jour du jeu ===

[2024-12-17 01:00:21] ✅ 7 plantes mises à jour
[2024-12-17 01:00:21] ✅ Environnement mis à jour
[2024-12-17 01:00:21] ℹ️ Pas besoin de rafraîchir les missions maintenant
[2024-12-17 01:00:21] ℹ️ Aucun événement de guilde à terminer
[2024-12-17 01:00:21] ℹ️ Jour de jeu actuel : 2047-01-25
[2024-12-17 01:00:21] ℹ️ 
=== Résumé de la mise à jour ===
[2024-12-17 01:00:21] ℹ️ Plantes mises à jour : 7
[2024-12-17 01:00:21] ℹ️ Missions rafraîchies : 0
[2024-12-17 01:00:21] ℹ️ Événements terminés : 0
[2024-12-17 01:00:21] ℹ️ === Fin de la mise à jour ===

[2024-12-17 02:00:24] ℹ️ === Début de la mise à jour du jeu ===

[2024-12-17 02:00:24] ✅ 7 plantes mises à jour
[2024-12-17 02:00:24] ✅ Environnement mis à jour
[2024-12-17 02:00:24] ℹ️ Pas besoin de rafraîchir les missions maintenant
[2024-12-17 02:00:24] ℹ️ Aucun événement de guilde à terminer
[2024-12-17 02:00:24] ℹ️ Jour de jeu actuel : 2047-01-26
[2024-12-17 02:00:24] ℹ️ 
=== Résumé de la mise à jour ===
[2024-12-17 02:00:24] ℹ️ Plantes mises à jour : 7
[2024-12-17 02:00:24] ℹ️ Missions rafraîchies : 0
[2024-12-17 02:00:24] ℹ️ Événements terminés : 0
[2024-12-17 02:00:24] ℹ️ === Fin de la mise à jour ===

[2024-12-17 03:00:23] ℹ️ === Début de la mise à jour du jeu ===

[2024-12-17 03:00:23] ✅ 7 plantes mises à jour
[2024-12-17 03:00:23] ✅ Environnement mis à jour
[2024-12-17 03:00:23] ℹ️ Pas besoin de rafraîchir les missions maintenant
[2024-12-17 03:00:23] ℹ️ Aucun événement de guilde à terminer
[2024-12-17 03:00:23] ℹ️ Jour de jeu actuel : 2047-01-27
[2024-12-17 03:00:23] ℹ️ 
=== Résumé de la mise à jour ===
[2024-12-17 03:00:23] ℹ️ Plantes mises à jour : 7
[2024-12-17 03:00:23] ℹ️ Missions rafraîchies : 0
[2024-12-17 03:00:23] ℹ️ Événements terminés : 0
[2024-12-17 03:00:23] ℹ️ === Fin de la mise à jour ===

[2024-12-17 04:00:21] ℹ️ === Début de la mise à jour du jeu ===

[2024-12-17 04:00:21] ✅ 7 plantes mises à jour
[2024-12-17 05:00:23] ℹ️ === Début de la mise à jour du jeu ===

[2024-12-17 05:00:23] ✅ 7 plantes mises à jour
[2024-12-17 05:00:23] ✅ Environnement mis à jour
[2024-12-17 05:00:23] ℹ️ Pas besoin de rafraîchir les missions maintenant
[2024-12-17 05:00:23] ℹ️ Aucun événement de guilde à terminer
[2024-12-17 05:00:23] ℹ️ Jour de jeu actuel : 2047-01-29
[2024-12-17 05:00:23] ℹ️ 
=== Résumé de la mise à jour ===
[2024-12-17 05:00:23] ℹ️ Plantes mises à jour : 7
[2024-12-17 05:00:23] ℹ️ Missions rafraîchies : 0
[2024-12-17 05:00:23] ℹ️ Événements terminés : 0
[2024-12-17 05:00:23] ℹ️ === Fin de la mise à jour ===

[2024-12-17 06:00:23] ℹ️ === Début de la mise à jour du jeu ===

[2024-12-17 06:00:23] ✅ 7 plantes mises à jour
[2024-12-17 07:00:23] ℹ️ === Début de la mise à jour du jeu ===

[2024-12-17 07:00:23] ✅ 7 plantes mises à jour
[2024-12-17 08:00:23] ℹ️ === Début de la mise à jour du jeu ===

[2024-12-17 08:00:23] ✅ 7 plantes mises à jour
[2024-12-17 08:00:23] ✅ Environnement mis à jour
[2024-12-17 08:00:23] ℹ️ Pas besoin de rafraîchir les missions maintenant
[2024-12-17 08:00:23] ℹ️ Aucun événement de guilde à terminer
[2024-12-17 08:00:23] ℹ️ Jour de jeu actuel : 2047-02-01
[2024-12-17 08:00:23] ℹ️ 
=== Résumé de la mise à jour ===
[2024-12-17 08:00:23] ℹ️ Plantes mises à jour : 7
[2024-12-17 08:00:23] ℹ️ Missions rafraîchies : 0
[2024-12-17 08:00:23] ℹ️ Événements terminés : 0
[2024-12-17 08:00:23] ℹ️ === Fin de la mise à jour ===

[2024-12-17 09:00:23] ℹ️ === Début de la mise à jour du jeu ===

[2024-12-17 09:00:23] ✅ 7 plantes mises à jour
[2024-12-17 09:00:23] ✅ Environnement mis à jour
[2024-12-17 09:00:23] ℹ️ Pas besoin de rafraîchir les missions maintenant
[2024-12-17 09:00:23] ℹ️ Aucun événement de guilde à terminer
[2024-12-17 09:00:23] ℹ️ Jour de jeu actuel : 2047-02-02
[2024-12-17 09:00:23] ℹ️ 
=== Résumé de la mise à jour ===
[2024-12-17 09:00:23] ℹ️ Plantes mises à jour : 7
[2024-12-17 09:00:23] ℹ️ Missions rafraîchies : 0
[2024-12-17 09:00:23] ℹ️ Événements terminés : 0
[2024-12-17 09:00:23] ℹ️ === Fin de la mise à jour ===

[2024-12-17 10:00:20] ℹ️ === Début de la mise à jour du jeu ===

[2024-12-17 10:00:20] ✅ 7 plantes mises à jour
[2024-12-17 10:00:20] ✅ Environnement mis à jour
[2024-12-17 10:00:20] ℹ️ Pas besoin de rafraîchir les missions maintenant
[2024-12-17 10:00:20] ℹ️ Aucun événement de guilde à terminer
[2024-12-17 10:00:20] ℹ️ Jour de jeu actuel : 2047-02-03
[2024-12-17 10:00:20] ℹ️ 
=== Résumé de la mise à jour ===
[2024-12-17 10:00:20] ℹ️ Plantes mises à jour : 7
[2024-12-17 10:00:20] ℹ️ Missions rafraîchies : 0
[2024-12-17 10:00:20] ℹ️ Événements terminés : 0
[2024-12-17 10:00:20] ℹ️ === Fin de la mise à jour ===

[2024-12-17 11:00:21] ℹ️ === Début de la mise à jour du jeu ===

[2024-12-17 11:00:21] ✅ 7 plantes mises à jour
[2024-12-17 12:00:21] ℹ️ === Début de la mise à jour du jeu ===

[2024-12-17 12:00:21] ✅ 7 plantes mises à jour
[2024-12-17 13:00:22] ℹ️ === Début de la mise à jour du jeu ===

[2024-12-17 13:00:22] ✅ 7 plantes mises à jour
[2024-12-17 14:00:21] ℹ️ === Début de la mise à jour du jeu ===

[2024-12-17 14:00:21] ✅ 7 plantes mises à jour
[2024-12-17 14:00:21] ✅ Environnement mis à jour
[2024-12-17 14:00:21] ℹ️ Pas besoin de rafraîchir les missions maintenant
[2024-12-17 14:00:21] ℹ️ Aucun événement de guilde à terminer
[2024-12-17 14:00:21] ℹ️ Jour de jeu actuel : 2047-02-07
[2024-12-17 14:00:21] ℹ️ 
=== Résumé de la mise à jour ===
[2024-12-17 14:00:21] ℹ️ Plantes mises à jour : 7
[2024-12-17 14:00:21] ℹ️ Missions rafraîchies : 0
[2024-12-17 14:00:21] ℹ️ Événements terminés : 0
[2024-12-17 14:00:21] ℹ️ === Fin de la mise à jour ===

[2024-12-17 15:00:23] ℹ️ === Début de la mise à jour du jeu ===

[2024-12-17 15:00:23] ✅ 7 plantes mises à jour
[2024-12-17 15:00:23] ✅ Environnement mis à jour
[2024-12-17 15:00:23] ℹ️ Pas besoin de rafraîchir les missions maintenant
[2024-12-17 15:00:23] ℹ️ Aucun événement de guilde à terminer
[2024-12-17 15:00:23] ℹ️ Jour de jeu actuel : 2047-02-08
[2024-12-17 15:00:23] ℹ️ 
=== Résumé de la mise à jour ===
[2024-12-17 15:00:23] ℹ️ Plantes mises à jour : 7
[2024-12-17 15:00:23] ℹ️ Missions rafraîchies : 0
[2024-12-17 15:00:23] ℹ️ Événements terminés : 0
[2024-12-17 15:00:23] ℹ️ === Fin de la mise à jour ===

[2024-12-17 16:00:21] ℹ️ === Début de la mise à jour du jeu ===

[2024-12-17 16:00:21] ✅ 7 plantes mises à jour
[2024-12-17 17:00:22] ℹ️ === Début de la mise à jour du jeu ===

[2024-12-17 17:00:22] ✅ 7 plantes mises à jour
[2024-12-17 17:00:22] ✅ Environnement mis à jour
[2024-12-17 17:00:22] ℹ️ Pas besoin de rafraîchir les missions maintenant
[2024-12-17 17:00:22] ℹ️ Aucun événement de guilde à terminer
[2024-12-17 17:00:22] ℹ️ Jour de jeu actuel : 2047-02-10
[2024-12-17 17:00:22] ℹ️ 
=== Résumé de la mise à jour ===
[2024-12-17 17:00:22] ℹ️ Plantes mises à jour : 7
[2024-12-17 17:00:22] ℹ️ Missions rafraîchies : 0
[2024-12-17 17:00:22] ℹ️ Événements terminés : 0
[2024-12-17 17:00:22] ℹ️ === Fin de la mise à jour ===

[2024-12-17 18:00:24] ℹ️ === Début de la mise à jour du jeu ===

[2024-12-17 18:00:24] ✅ 7 plantes mises à jour
[2024-12-17 19:00:21] ℹ️ === Début de la mise à jour du jeu ===

[2024-12-17 19:00:21] ✅ 7 plantes mises à jour
[2024-12-17 19:00:21] ✅ Environnement mis à jour
[2024-12-17 19:00:21] ℹ️ Pas besoin de rafraîchir les missions maintenant
[2024-12-17 19:00:21] ℹ️ Aucun événement de guilde à terminer
[2024-12-17 19:00:21] ℹ️ Jour de jeu actuel : 2047-02-12
[2024-12-17 19:00:21] ℹ️ 
=== Résumé de la mise à jour ===
[2024-12-17 19:00:21] ℹ️ Plantes mises à jour : 7
[2024-12-17 19:00:21] ℹ️ Missions rafraîchies : 0
[2024-12-17 19:00:21] ℹ️ Événements terminés : 0
[2024-12-17 19:00:21] ℹ️ === Fin de la mise à jour ===

[2024-12-17 20:00:22] ℹ️ === Début de la mise à jour du jeu ===

[2024-12-17 20:00:22] ✅ 7 plantes mises à jour
[2024-12-17 20:00:22] ✅ Environnement mis à jour
[2024-12-17 20:00:22] ℹ️ Pas besoin de rafraîchir les missions maintenant
[2024-12-17 20:00:22] ℹ️ Aucun événement de guilde à terminer
[2024-12-17 20:00:22] ℹ️ Jour de jeu actuel : 2047-02-13
[2024-12-17 20:00:22] ℹ️ 
=== Résumé de la mise à jour ===
[2024-12-17 20:00:22] ℹ️ Plantes mises à jour : 7
[2024-12-17 20:00:22] ℹ️ Missions rafraîchies : 0
[2024-12-17 20:00:22] ℹ️ Événements terminés : 0
[2024-12-17 20:00:22] ℹ️ === Fin de la mise à jour ===

[2024-12-17 21:00:21] ℹ️ === Début de la mise à jour du jeu ===

[2024-12-17 21:00:21] ✅ 7 plantes mises à jour
[2024-12-17 21:00:21] ✅ Environnement mis à jour
[2024-12-17 21:00:21] ℹ️ Pas besoin de rafraîchir les missions maintenant
[2024-12-17 21:00:21] ℹ️ Aucun événement de guilde à terminer
[2024-12-17 21:00:21] ℹ️ Jour de jeu actuel : 2047-02-14
[2024-12-17 21:00:21] ℹ️ 
=== Résumé de la mise à jour ===
[2024-12-17 21:00:21] ℹ️ Plantes mises à jour : 7
[2024-12-17 21:00:21] ℹ️ Missions rafraîchies : 0
[2024-12-17 21:00:21] ℹ️ Événements terminés : 0
[2024-12-17 21:00:21] ℹ️ === Fin de la mise à jour ===

[2024-12-17 22:00:21] ℹ️ === Début de la mise à jour du jeu ===

[2024-12-17 22:00:21] ✅ 7 plantes mises à jour
[2024-12-17 22:00:21] ✅ Environnement mis à jour
[2024-12-17 22:00:21] ℹ️ Pas besoin de rafraîchir les missions maintenant
[2024-12-17 22:00:21] ℹ️ Aucun événement de guilde à terminer
[2024-12-17 22:00:21] ℹ️ Jour de jeu actuel : 2047-02-15
[2024-12-17 22:00:21] ℹ️ 
=== Résumé de la mise à jour ===
[2024-12-17 22:00:21] ℹ️ Plantes mises à jour : 7
[2024-12-17 22:00:21] ℹ️ Missions rafraîchies : 0
[2024-12-17 22:00:21] ℹ️ Événements terminés : 0
[2024-12-17 22:00:21] ℹ️ === Fin de la mise à jour ===

[2024-12-17 23:00:23] ℹ️ === Début de la mise à jour du jeu ===

[2024-12-17 23:00:23] ✅ 7 plantes mises à jour
[2024-12-18 00:00:25] ℹ️ === Début de la mise à jour du jeu ===

[2024-12-18 00:00:25] ✅ 7 plantes mises à jour
[2024-12-18 01:00:21] ℹ️ === Début de la mise à jour du jeu ===

[2024-12-18 01:00:21] ✅ 7 plantes mises à jour
[2024-12-18 01:00:21] ✅ Environnement mis à jour
[2024-12-18 01:00:21] ℹ️ Pas besoin de rafraîchir les missions maintenant
[2024-12-18 01:00:21] ℹ️ Aucun événement de guilde à terminer
[2024-12-18 01:00:21] ℹ️ Jour de jeu actuel : 2047-02-18
[2024-12-18 01:00:21] ℹ️ 
=== Résumé de la mise à jour ===
[2024-12-18 01:00:21] ℹ️ Plantes mises à jour : 7
[2024-12-18 01:00:21] ℹ️ Missions rafraîchies : 0
[2024-12-18 01:00:21] ℹ️ Événements terminés : 0
[2024-12-18 01:00:21] ℹ️ === Fin de la mise à jour ===

[2024-12-18 02:00:24] ℹ️ === Début de la mise à jour du jeu ===

[2024-12-18 02:00:24] ✅ 7 plantes mises à jour
[2024-12-18 02:00:24] ✅ Environnement mis à jour
[2024-12-18 02:00:24] ℹ️ Pas besoin de rafraîchir les missions maintenant
[2024-12-18 02:00:24] ℹ️ Aucun événement de guilde à terminer
[2024-12-18 02:00:24] ℹ️ Jour de jeu actuel : 2047-02-19
[2024-12-18 02:00:24] ℹ️ 
=== Résumé de la mise à jour ===
[2024-12-18 02:00:24] ℹ️ Plantes mises à jour : 7
[2024-12-18 02:00:24] ℹ️ Missions rafraîchies : 0
[2024-12-18 02:00:24] ℹ️ Événements terminés : 0
[2024-12-18 02:00:24] ℹ️ === Fin de la mise à jour ===

[2024-12-18 03:00:21] ℹ️ === Début de la mise à jour du jeu ===

[2024-12-18 03:00:21] ✅ 7 plantes mises à jour
[2024-12-18 03:00:21] ✅ Environnement mis à jour
[2024-12-18 03:00:21] ℹ️ Pas besoin de rafraîchir les missions maintenant
[2024-12-18 03:00:21] ℹ️ Aucun événement de guilde à terminer
[2024-12-18 03:00:21] ℹ️ Jour de jeu actuel : 2047-02-20
[2024-12-18 03:00:21] ℹ️ 
=== Résumé de la mise à jour ===
[2024-12-18 03:00:21] ℹ️ Plantes mises à jour : 7
[2024-12-18 03:00:21] ℹ️ Missions rafraîchies : 0
[2024-12-18 03:00:21] ℹ️ Événements terminés : 0
[2024-12-18 03:00:21] ℹ️ === Fin de la mise à jour ===

[2024-12-18 04:00:22] ℹ️ === Début de la mise à jour du jeu ===

[2024-12-18 04:00:22] ✅ 7 plantes mises à jour
[2024-12-18 04:00:22] ✅ Environnement mis à jour
[2024-12-18 04:00:22] ℹ️ Pas besoin de rafraîchir les missions maintenant
[2024-12-18 04:00:22] ℹ️ Aucun événement de guilde à terminer
[2024-12-18 04:00:22] ℹ️ Jour de jeu actuel : 2047-02-21
[2024-12-18 04:00:22] ℹ️ 
=== Résumé de la mise à jour ===
[2024-12-18 04:00:22] ℹ️ Plantes mises à jour : 7
[2024-12-18 04:00:22] ℹ️ Missions rafraîchies : 0
[2024-12-18 04:00:22] ℹ️ Événements terminés : 0
[2024-12-18 04:00:22] ℹ️ === Fin de la mise à jour ===

[2024-12-18 05:00:25] ℹ️ === Début de la mise à jour du jeu ===

[2024-12-18 05:00:25] ✅ 7 plantes mises à jour
[2024-12-18 05:00:25] ✅ Environnement mis à jour
[2024-12-18 05:00:25] ℹ️ Pas besoin de rafraîchir les missions maintenant
[2024-12-18 05:00:25] ℹ️ Aucun événement de guilde à terminer
[2024-12-18 05:00:25] ℹ️ Jour de jeu actuel : 2047-02-22
[2024-12-18 05:00:25] ℹ️ 
=== Résumé de la mise à jour ===
[2024-12-18 05:00:25] ℹ️ Plantes mises à jour : 7
[2024-12-18 05:00:25] ℹ️ Missions rafraîchies : 0
[2024-12-18 05:00:25] ℹ️ Événements terminés : 0
[2024-12-18 05:00:25] ℹ️ === Fin de la mise à jour ===

[2024-12-18 06:00:24] ℹ️ === Début de la mise à jour du jeu ===

[2024-12-18 06:00:24] ✅ 7 plantes mises à jour
[2024-12-18 06:00:24] ✅ Environnement mis à jour
[2024-12-18 06:00:24] ℹ️ Pas besoin de rafraîchir les missions maintenant
[2024-12-18 06:00:24] ℹ️ Aucun événement de guilde à terminer
[2024-12-18 06:00:24] ℹ️ Jour de jeu actuel : 2047-02-23
[2024-12-18 06:00:24] ℹ️ 
=== Résumé de la mise à jour ===
[2024-12-18 06:00:24] ℹ️ Plantes mises à jour : 7
[2024-12-18 06:00:24] ℹ️ Missions rafraîchies : 0
[2024-12-18 06:00:24] ℹ️ Événements terminés : 0
[2024-12-18 06:00:24] ℹ️ === Fin de la mise à jour ===

[2024-12-18 07:00:25] ℹ️ === Début de la mise à jour du jeu ===

[2024-12-18 07:00:25] ✅ 7 plantes mises à jour
[2024-12-18 07:00:25] ✅ Environnement mis à jour
[2024-12-18 07:00:25] ℹ️ Pas besoin de rafraîchir les missions maintenant
[2024-12-18 07:00:25] ℹ️ Aucun événement de guilde à terminer
[2024-12-18 07:00:25] ℹ️ Jour de jeu actuel : 2047-02-24
[2024-12-18 07:00:25] ℹ️ 
=== Résumé de la mise à jour ===
[2024-12-18 07:00:25] ℹ️ Plantes mises à jour : 7
[2024-12-18 07:00:25] ℹ️ Missions rafraîchies : 0
[2024-12-18 07:00:25] ℹ️ Événements terminés : 0
[2024-12-18 07:00:25] ℹ️ === Fin de la mise à jour ===

[2024-12-18 08:00:24] ℹ️ === Début de la mise à jour du jeu ===

[2024-12-18 08:00:24] ✅ 7 plantes mises à jour
[2024-12-18 09:00:23] ℹ️ === Début de la mise à jour du jeu ===

[2024-12-18 09:00:23] ✅ 7 plantes mises à jour
[2024-12-18 09:00:23] ✅ Environnement mis à jour
[2024-12-18 09:00:23] ℹ️ Pas besoin de rafraîchir les missions maintenant
[2024-12-18 09:00:23] ℹ️ Aucun événement de guilde à terminer
[2024-12-18 09:00:23] ℹ️ Jour de jeu actuel : 2047-02-26
[2024-12-18 09:00:23] ℹ️ 
=== Résumé de la mise à jour ===
[2024-12-18 09:00:23] ℹ️ Plantes mises à jour : 7
[2024-12-18 09:00:23] ℹ️ Missions rafraîchies : 0
[2024-12-18 09:00:23] ℹ️ Événements terminés : 0
[2024-12-18 09:00:23] ℹ️ === Fin de la mise à jour ===

[2024-12-18 10:00:22] ℹ️ === Début de la mise à jour du jeu ===

[2024-12-18 10:00:22] ✅ 7 plantes mises à jour
[2024-12-18 10:00:22] ✅ Environnement mis à jour
[2024-12-18 10:00:22] ℹ️ Pas besoin de rafraîchir les missions maintenant
[2024-12-18 10:00:22] ℹ️ Aucun événement de guilde à terminer
[2024-12-18 10:00:22] ℹ️ Jour de jeu actuel : 2047-02-27
[2024-12-18 10:00:22] ℹ️ 
=== Résumé de la mise à jour ===
[2024-12-18 10:00:22] ℹ️ Plantes mises à jour : 7
[2024-12-18 10:00:22] ℹ️ Missions rafraîchies : 0
[2024-12-18 10:00:22] ℹ️ Événements terminés : 0
[2024-12-18 10:00:22] ℹ️ === Fin de la mise à jour ===

[2024-12-18 11:00:23] ℹ️ === Début de la mise à jour du jeu ===

[2024-12-18 11:00:23] ✅ 7 plantes mises à jour
[2024-12-18 11:00:23] ✅ Environnement mis à jour
[2024-12-18 11:00:23] ℹ️ Pas besoin de rafraîchir les missions maintenant
[2024-12-18 11:00:23] ℹ️ Aucun événement de guilde à terminer
[2024-12-18 11:00:23] ℹ️ Jour de jeu actuel : 2047-02-28
[2024-12-18 11:00:23] ℹ️ 
=== Résumé de la mise à jour ===
[2024-12-18 11:00:23] ℹ️ Plantes mises à jour : 7
[2024-12-18 11:00:23] ℹ️ Missions rafraîchies : 0
[2024-12-18 11:00:23] ℹ️ Événements terminés : 0
[2024-12-18 11:00:23] ℹ️ === Fin de la mise à jour ===

[2024-12-18 12:00:23] ℹ️ === Début de la mise à jour du jeu ===

[2024-12-18 12:00:23] ✅ 7 plantes mises à jour
[2024-12-18 12:00:23] ✅ Environnement mis à jour
[2024-12-18 12:00:23] ℹ️ Pas besoin de rafraîchir les missions maintenant
[2024-12-18 12:00:23] ℹ️ Aucun événement de guilde à terminer
[2024-12-18 12:00:23] ℹ️ Jour de jeu actuel : 2047-03-01
[2024-12-18 12:00:23] ℹ️ 
=== Résumé de la mise à jour ===
[2024-12-18 12:00:23] ℹ️ Plantes mises à jour : 7
[2024-12-18 12:00:23] ℹ️ Missions rafraîchies : 0
[2024-12-18 12:00:23] ℹ️ Événements terminés : 0
[2024-12-18 12:00:23] ℹ️ === Fin de la mise à jour ===

[2024-12-18 13:00:22] ℹ️ === Début de la mise à jour du jeu ===

[2024-12-18 13:00:22] ✅ 7 plantes mises à jour
[2024-12-18 14:00:23] ℹ️ === Début de la mise à jour du jeu ===

[2024-12-18 14:00:23] ✅ 7 plantes mises à jour
[2024-12-18 14:00:23] ✅ Environnement mis à jour
[2024-12-18 14:00:23] ℹ️ Pas besoin de rafraîchir les missions maintenant
[2024-12-18 14:00:23] ℹ️ Aucun événement de guilde à terminer
[2024-12-18 14:00:23] ℹ️ Jour de jeu actuel : 2047-03-03
[2024-12-18 14:00:23] ℹ️ 
=== Résumé de la mise à jour ===
[2024-12-18 14:00:23] ℹ️ Plantes mises à jour : 7
[2024-12-18 14:00:23] ℹ️ Missions rafraîchies : 0
[2024-12-18 14:00:23] ℹ️ Événements terminés : 0
[2024-12-18 14:00:23] ℹ️ === Fin de la mise à jour ===

[2024-12-18 15:00:23] ℹ️ === Début de la mise à jour du jeu ===

[2024-12-18 15:00:23] ✅ 7 plantes mises à jour
[2024-12-18 15:00:23] ✅ Environnement mis à jour
[2024-12-18 15:00:23] ℹ️ Pas besoin de rafraîchir les missions maintenant
[2024-12-18 15:00:23] ℹ️ Aucun événement de guilde à terminer
[2024-12-18 15:00:23] ℹ️ Jour de jeu actuel : 2047-03-04
[2024-12-18 15:00:23] ℹ️ 
=== Résumé de la mise à jour ===
[2024-12-18 15:00:23] ℹ️ Plantes mises à jour : 7
[2024-12-18 15:00:23] ℹ️ Missions rafraîchies : 0
[2024-12-18 15:00:23] ℹ️ Événements terminés : 0
[2024-12-18 15:00:23] ℹ️ === Fin de la mise à jour ===

[2024-12-18 16:00:22] ℹ️ === Début de la mise à jour du jeu ===

[2024-12-18 16:00:22] ✅ 7 plantes mises à jour
[2024-12-18 16:00:22] ✅ Environnement mis à jour
[2024-12-18 16:00:22] ℹ️ Pas besoin de rafraîchir les missions maintenant
[2024-12-18 16:00:22] ℹ️ Aucun événement de guilde à terminer
[2024-12-18 16:00:22] ℹ️ Jour de jeu actuel : 2047-03-05
[2024-12-18 16:00:22] ℹ️ 
=== Résumé de la mise à jour ===
[2024-12-18 16:00:22] ℹ️ Plantes mises à jour : 7
[2024-12-18 16:00:22] ℹ️ Missions rafraîchies : 0
[2024-12-18 16:00:22] ℹ️ Événements terminés : 0
[2024-12-18 16:00:22] ℹ️ === Fin de la mise à jour ===

[2024-12-18 17:00:21] ℹ️ === Début de la mise à jour du jeu ===

[2024-12-18 17:00:21] ✅ 7 plantes mises à jour
[2024-12-18 17:00:21] ✅ Environnement mis à jour
[2024-12-18 17:00:21] ℹ️ Pas besoin de rafraîchir les missions maintenant
[2024-12-18 17:00:21] ℹ️ Aucun événement de guilde à terminer
[2024-12-18 17:00:21] ℹ️ Jour de jeu actuel : 2047-03-06
[2024-12-18 17:00:21] ℹ️ 
=== Résumé de la mise à jour ===
[2024-12-18 17:00:21] ℹ️ Plantes mises à jour : 7
[2024-12-18 17:00:21] ℹ️ Missions rafraîchies : 0
[2024-12-18 17:00:21] ℹ️ Événements terminés : 0
[2024-12-18 17:00:21] ℹ️ === Fin de la mise à jour ===

[2024-12-18 18:00:23] ℹ️ === Début de la mise à jour du jeu ===

[2024-12-18 18:00:23] ✅ 7 plantes mises à jour
[2024-12-18 18:00:23] ✅ Environnement mis à jour
[2024-12-18 18:00:23] ℹ️ Pas besoin de rafraîchir les missions maintenant
[2024-12-18 18:00:23] ℹ️ Aucun événement de guilde à terminer
[2024-12-18 18:00:23] ℹ️ Jour de jeu actuel : 2047-03-07
[2024-12-18 18:00:23] ℹ️ 
=== Résumé de la mise à jour ===
[2024-12-18 18:00:23] ℹ️ Plantes mises à jour : 7
[2024-12-18 18:00:23] ℹ️ Missions rafraîchies : 0
[2024-12-18 18:00:23] ℹ️ Événements terminés : 0
[2024-12-18 18:00:23] ℹ️ === Fin de la mise à jour ===

[2024-12-18 19:00:22] ℹ️ === Début de la mise à jour du jeu ===

[2024-12-18 19:00:22] ✅ 8 plantes mises à jour
[2024-12-18 19:00:22] ✅ Environnement mis à jour
[2024-12-18 19:00:22] ℹ️ Pas besoin de rafraîchir les missions maintenant
[2024-12-18 19:00:22] ℹ️ Aucun événement de guilde à terminer
[2024-12-18 19:00:22] ℹ️ Jour de jeu actuel : 2047-03-08
[2024-12-18 19:00:22] ℹ️ 
=== Résumé de la mise à jour ===
[2024-12-18 19:00:22] ℹ️ Plantes mises à jour : 8
[2024-12-18 19:00:22] ℹ️ Missions rafraîchies : 0
[2024-12-18 19:00:22] ℹ️ Événements terminés : 0
[2024-12-18 19:00:22] ℹ️ === Fin de la mise à jour ===

[2024-12-18 20:00:22] ℹ️ === Début de la mise à jour du jeu ===

[2024-12-18 20:00:22] ✅ 8 plantes mises à jour
[2024-12-18 20:00:22] ✅ Environnement mis à jour
[2024-12-18 20:00:22] ℹ️ Pas besoin de rafraîchir les missions maintenant
[2024-12-18 20:00:22] ℹ️ Aucun événement de guilde à terminer
[2024-12-18 20:00:22] ℹ️ Jour de jeu actuel : 2047-03-09
[2024-12-18 20:00:22] ℹ️ 
=== Résumé de la mise à jour ===
[2024-12-18 20:00:22] ℹ️ Plantes mises à jour : 8
[2024-12-18 20:00:22] ℹ️ Missions rafraîchies : 0
[2024-12-18 20:00:22] ℹ️ Événements terminés : 0
[2024-12-18 20:00:22] ℹ️ === Fin de la mise à jour ===

[2024-12-18 21:00:21] ℹ️ === Début de la mise à jour du jeu ===

[2024-12-18 21:00:21] ✅ 8 plantes mises à jour
[2024-12-18 22:00:23] ℹ️ === Début de la mise à jour du jeu ===

[2024-12-18 22:00:23] ✅ 8 plantes mises à jour
[2024-12-18 23:00:24] ℹ️ === Début de la mise à jour du jeu ===

[2024-12-18 23:00:24] ✅ 8 plantes mises à jour
[2024-12-18 23:00:24] ✅ Environnement mis à jour
[2024-12-18 23:00:24] ℹ️ Pas besoin de rafraîchir les missions maintenant
[2024-12-18 23:00:24] ℹ️ Aucun événement de guilde à terminer
[2024-12-18 23:00:24] ℹ️ Jour de jeu actuel : 2047-03-12
[2024-12-18 23:00:24] ℹ️ 
=== Résumé de la mise à jour ===
[2024-12-18 23:00:24] ℹ️ Plantes mises à jour : 8
[2024-12-18 23:00:24] ℹ️ Missions rafraîchies : 0
[2024-12-18 23:00:24] ℹ️ Événements terminés : 0
[2024-12-18 23:00:24] ℹ️ === Fin de la mise à jour ===

[2024-12-19 00:00:27] ℹ️ === Début de la mise à jour du jeu ===

[2024-12-19 00:00:27] ✅ 8 plantes mises à jour
[2024-12-19 00:00:27] ✅ Environnement mis à jour
[2024-12-19 00:00:27] ✅ Missions rafraîchies pour 3 utilisateurs
[2024-12-19 00:00:27] ℹ️ Aucun événement de guilde à terminer
[2024-12-19 00:00:27] ℹ️ Jour de jeu actuel : 2047-03-13
[2024-12-19 00:00:27] ℹ️ 
=== Résumé de la mise à jour ===
[2024-12-19 00:00:27] ℹ️ Plantes mises à jour : 8
[2024-12-19 00:00:27] ℹ️ Missions rafraîchies : 3
[2024-12-19 00:00:27] ℹ️ Événements terminés : 0
[2024-12-19 00:00:27] ℹ️ === Fin de la mise à jour ===

[2024-12-19 01:00:25] ℹ️ === Début de la mise à jour du jeu ===

[2024-12-19 01:00:25] ✅ 8 plantes mises à jour
[2024-12-19 01:00:25] ✅ Environnement mis à jour
[2024-12-19 01:00:25] ℹ️ Pas besoin de rafraîchir les missions maintenant
[2024-12-19 01:00:25] ℹ️ Aucun événement de guilde à terminer
[2024-12-19 01:00:25] ℹ️ Jour de jeu actuel : 2047-03-14
[2024-12-19 01:00:25] ℹ️ 
=== Résumé de la mise à jour ===
[2024-12-19 01:00:25] ℹ️ Plantes mises à jour : 8
[2024-12-19 01:00:25] ℹ️ Missions rafraîchies : 0
[2024-12-19 01:00:25] ℹ️ Événements terminés : 0
[2024-12-19 01:00:25] ℹ️ === Fin de la mise à jour ===

[2024-12-19 02:00:26] ℹ️ === Début de la mise à jour du jeu ===

[2024-12-19 02:00:26] ✅ 8 plantes mises à jour
[2024-12-19 02:00:26] ✅ Environnement mis à jour
[2024-12-19 02:00:26] ℹ️ Pas besoin de rafraîchir les missions maintenant
[2024-12-19 02:00:26] ℹ️ Aucun événement de guilde à terminer
[2024-12-19 02:00:26] ℹ️ Jour de jeu actuel : 2047-03-15
[2024-12-19 02:00:26] ℹ️ 
=== Résumé de la mise à jour ===
[2024-12-19 02:00:26] ℹ️ Plantes mises à jour : 8
[2024-12-19 02:00:26] ℹ️ Missions rafraîchies : 0
[2024-12-19 02:00:26] ℹ️ Événements terminés : 0
[2024-12-19 02:00:26] ℹ️ === Fin de la mise à jour ===

[2024-12-19 03:00:23] ℹ️ === Début de la mise à jour du jeu ===

[2024-12-19 03:00:23] ✅ 8 plantes mises à jour
[2024-12-19 03:00:23] ✅ Environnement mis à jour
[2024-12-19 03:00:23] ℹ️ Pas besoin de rafraîchir les missions maintenant
[2024-12-19 03:00:23] ℹ️ Aucun événement de guilde à terminer
[2024-12-19 03:00:23] ℹ️ Jour de jeu actuel : 2047-03-16
[2024-12-19 03:00:23] ℹ️ 
=== Résumé de la mise à jour ===
[2024-12-19 03:00:23] ℹ️ Plantes mises à jour : 8
[2024-12-19 03:00:23] ℹ️ Missions rafraîchies : 0
[2024-12-19 03:00:23] ℹ️ Événements terminés : 0
[2024-12-19 03:00:23] ℹ️ === Fin de la mise à jour ===

[2024-12-19 04:00:22] ℹ️ === Début de la mise à jour du jeu ===

[2024-12-19 04:00:22] ✅ 8 plantes mises à jour
[2024-12-19 04:00:22] ✅ Environnement mis à jour
[2024-12-19 04:00:22] ℹ️ Pas besoin de rafraîchir les missions maintenant
[2024-12-19 04:00:22] ℹ️ Aucun événement de guilde à terminer
[2024-12-19 04:00:22] ℹ️ Jour de jeu actuel : 2047-03-17
[2024-12-19 04:00:22] ℹ️ 
=== Résumé de la mise à jour ===
[2024-12-19 04:00:22] ℹ️ Plantes mises à jour : 8
[2024-12-19 04:00:22] ℹ️ Missions rafraîchies : 0
[2024-12-19 04:00:22] ℹ️ Événements terminés : 0
[2024-12-19 04:00:22] ℹ️ === Fin de la mise à jour ===

[2024-12-19 05:00:24] ℹ️ === Début de la mise à jour du jeu ===

[2024-12-19 05:00:24] ✅ 8 plantes mises à jour
[2024-12-19 05:00:24] ✅ Environnement mis à jour
[2024-12-19 05:00:24] ℹ️ Pas besoin de rafraîchir les missions maintenant
[2024-12-19 05:00:24] ℹ️ Aucun événement de guilde à terminer
[2024-12-19 05:00:24] ℹ️ Jour de jeu actuel : 2047-03-18
[2024-12-19 05:00:24] ℹ️ 
=== Résumé de la mise à jour ===
[2024-12-19 05:00:24] ℹ️ Plantes mises à jour : 8
[2024-12-19 05:00:24] ℹ️ Missions rafraîchies : 0
[2024-12-19 05:00:24] ℹ️ Événements terminés : 0
[2024-12-19 05:00:24] ℹ️ === Fin de la mise à jour ===

[2024-12-19 06:00:24] ℹ️ === Début de la mise à jour du jeu ===

[2024-12-19 06:00:24] ✅ 8 plantes mises à jour
[2024-12-19 06:00:24] ✅ Environnement mis à jour
[2024-12-19 06:00:24] ℹ️ Pas besoin de rafraîchir les missions maintenant
[2024-12-19 06:00:24] ℹ️ Aucun événement de guilde à terminer
[2024-12-19 06:00:24] ℹ️ Jour de jeu actuel : 2047-03-19
[2024-12-19 06:00:24] ℹ️ 
=== Résumé de la mise à jour ===
[2024-12-19 06:00:24] ℹ️ Plantes mises à jour : 8
[2024-12-19 06:00:24] ℹ️ Missions rafraîchies : 0
[2024-12-19 06:00:24] ℹ️ Événements terminés : 0
[2024-12-19 06:00:24] ℹ️ === Fin de la mise à jour ===

[2024-12-19 07:00:27] ℹ️ === Début de la mise à jour du jeu ===

[2024-12-19 07:00:27] ✅ 8 plantes mises à jour
[2024-12-19 07:00:27] ✅ Environnement mis à jour
[2024-12-19 07:00:27] ℹ️ Pas besoin de rafraîchir les missions maintenant
[2024-12-19 07:00:27] ℹ️ Aucun événement de guilde à terminer
[2024-12-19 07:00:27] ℹ️ Jour de jeu actuel : 2047-03-20
[2024-12-19 07:00:27] ℹ️ 
=== Résumé de la mise à jour ===
[2024-12-19 07:00:27] ℹ️ Plantes mises à jour : 8
[2024-12-19 07:00:27] ℹ️ Missions rafraîchies : 0
[2024-12-19 07:00:27] ℹ️ Événements terminés : 0
[2024-12-19 07:00:27] ℹ️ === Fin de la mise à jour ===

[2024-12-19 08:00:23] ℹ️ === Début de la mise à jour du jeu ===

[2024-12-19 08:00:23] ✅ 8 plantes mises à jour
[2024-12-19 09:00:26] ℹ️ === Début de la mise à jour du jeu ===

[2024-12-19 09:00:26] ✅ 8 plantes mises à jour
[2024-12-19 09:00:26] ✅ Environnement mis à jour
[2024-12-19 09:00:26] ℹ️ Pas besoin de rafraîchir les missions maintenant
[2024-12-19 09:00:26] ℹ️ Aucun événement de guilde à terminer
[2024-12-19 09:00:26] ℹ️ Jour de jeu actuel : 2047-03-22
[2024-12-19 09:00:26] ℹ️ 
=== Résumé de la mise à jour ===
[2024-12-19 09:00:26] ℹ️ Plantes mises à jour : 8
[2024-12-19 09:00:26] ℹ️ Missions rafraîchies : 0
[2024-12-19 09:00:26] ℹ️ Événements terminés : 0
[2024-12-19 09:00:26] ℹ️ === Fin de la mise à jour ===

[2024-12-19 10:00:23] ℹ️ === Début de la mise à jour du jeu ===

[2024-12-19 10:00:23] ✅ 8 plantes mises à jour
[2024-12-19 10:00:23] ✅ Environnement mis à jour
[2024-12-19 10:00:23] ℹ️ Pas besoin de rafraîchir les missions maintenant
[2024-12-19 10:00:23] ℹ️ Aucun événement de guilde à terminer
[2024-12-19 10:00:23] ℹ️ Jour de jeu actuel : 2047-03-23
[2024-12-19 10:00:23] ℹ️ 
=== Résumé de la mise à jour ===
[2024-12-19 10:00:23] ℹ️ Plantes mises à jour : 8
[2024-12-19 10:00:23] ℹ️ Missions rafraîchies : 0
[2024-12-19 10:00:23] ℹ️ Événements terminés : 0
[2024-12-19 10:00:23] ℹ️ === Fin de la mise à jour ===

[2024-12-19 11:00:23] ℹ️ === Début de la mise à jour du jeu ===

[2024-12-19 11:00:23] ✅ 8 plantes mises à jour
[2024-12-19 11:00:23] ✅ Environnement mis à jour
[2024-12-19 11:00:23] ℹ️ Pas besoin de rafraîchir les missions maintenant
[2024-12-19 11:00:23] ℹ️ Aucun événement de guilde à terminer
[2024-12-19 11:00:23] ℹ️ Jour de jeu actuel : 2047-03-24
[2024-12-19 11:00:23] ℹ️ 
=== Résumé de la mise à jour ===
[2024-12-19 11:00:23] ℹ️ Plantes mises à jour : 8
[2024-12-19 11:00:23] ℹ️ Missions rafraîchies : 0
[2024-12-19 11:00:23] ℹ️ Événements terminés : 0
[2024-12-19 11:00:23] ℹ️ === Fin de la mise à jour ===

[2024-12-19 12:00:21] ℹ️ === Début de la mise à jour du jeu ===

[2024-12-19 12:00:21] ✅ 8 plantes mises à jour
[2024-12-19 12:00:21] ✅ Environnement mis à jour
[2024-12-19 12:00:21] ℹ️ Pas besoin de rafraîchir les missions maintenant
[2024-12-19 12:00:21] ℹ️ Aucun événement de guilde à terminer
[2024-12-19 12:00:21] ℹ️ Jour de jeu actuel : 2047-03-25
[2024-12-19 12:00:21] ℹ️ 
=== Résumé de la mise à jour ===
[2024-12-19 12:00:21] ℹ️ Plantes mises à jour : 8
[2024-12-19 12:00:21] ℹ️ Missions rafraîchies : 0
[2024-12-19 12:00:21] ℹ️ Événements terminés : 0
[2024-12-19 12:00:21] ℹ️ === Fin de la mise à jour ===

[2024-12-19 13:00:23] ℹ️ === Début de la mise à jour du jeu ===

[2024-12-19 13:00:23] ✅ 8 plantes mises à jour
[2024-12-19 13:00:23] ✅ Environnement mis à jour
[2024-12-19 13:00:23] ℹ️ Pas besoin de rafraîchir les missions maintenant
[2024-12-19 13:00:23] ℹ️ Aucun événement de guilde à terminer
[2024-12-19 13:00:23] ℹ️ Jour de jeu actuel : 2047-03-26
[2024-12-19 13:00:23] ℹ️ 
=== Résumé de la mise à jour ===
[2024-12-19 13:00:23] ℹ️ Plantes mises à jour : 8
[2024-12-19 13:00:23] ℹ️ Missions rafraîchies : 0
[2024-12-19 13:00:23] ℹ️ Événements terminés : 0
[2024-12-19 13:00:23] ℹ️ === Fin de la mise à jour ===

[2024-12-19 14:00:21] ℹ️ === Début de la mise à jour du jeu ===

[2024-12-19 14:00:21] ✅ 8 plantes mises à jour
[2024-12-19 14:00:21] ✅ Environnement mis à jour
[2024-12-19 14:00:21] ℹ️ Pas besoin de rafraîchir les missions maintenant
[2024-12-19 14:00:21] ℹ️ Aucun événement de guilde à terminer
[2024-12-19 14:00:21] ℹ️ Jour de jeu actuel : 2047-03-27
[2024-12-19 14:00:21] ℹ️ 
=== Résumé de la mise à jour ===
[2024-12-19 14:00:21] ℹ️ Plantes mises à jour : 8
[2024-12-19 14:00:21] ℹ️ Missions rafraîchies : 0
[2024-12-19 14:00:21] ℹ️ Événements terminés : 0
[2024-12-19 14:00:21] ℹ️ === Fin de la mise à jour ===

[2024-12-19 15:00:22] ℹ️ === Début de la mise à jour du jeu ===

[2024-12-19 15:00:22] ✅ 8 plantes mises à jour
[2024-12-19 16:00:23] ℹ️ === Début de la mise à jour du jeu ===

[2024-12-19 16:00:23] ✅ 8 plantes mises à jour
[2024-12-19 16:00:23] ✅ Environnement mis à jour
[2024-12-19 16:00:23] ℹ️ Pas besoin de rafraîchir les missions maintenant
[2024-12-19 16:00:23] ℹ️ Aucun événement de guilde à terminer
[2024-12-19 16:00:23] ℹ️ Jour de jeu actuel : 2047-03-29
[2024-12-19 16:00:23] ℹ️ 
=== Résumé de la mise à jour ===
[2024-12-19 16:00:23] ℹ️ Plantes mises à jour : 8
[2024-12-19 16:00:23] ℹ️ Missions rafraîchies : 0
[2024-12-19 16:00:23] ℹ️ Événements terminés : 0
[2024-12-19 16:00:23] ℹ️ === Fin de la mise à jour ===

[2024-12-19 17:00:23] ℹ️ === Début de la mise à jour du jeu ===

[2024-12-19 17:00:23] ✅ 8 plantes mises à jour
[2024-12-19 17:00:23] ✅ Environnement mis à jour
[2024-12-19 17:00:23] ℹ️ Pas besoin de rafraîchir les missions maintenant
[2024-12-19 17:00:23] ℹ️ Aucun événement de guilde à terminer
[2024-12-19 17:00:23] ℹ️ Jour de jeu actuel : 2047-03-30
[2024-12-19 17:00:23] ℹ️ 
=== Résumé de la mise à jour ===
[2024-12-19 17:00:23] ℹ️ Plantes mises à jour : 8
[2024-12-19 17:00:23] ℹ️ Missions rafraîchies : 0
[2024-12-19 17:00:23] ℹ️ Événements terminés : 0
[2024-12-19 17:00:23] ℹ️ === Fin de la mise à jour ===

[2024-12-19 18:00:21] ℹ️ === Début de la mise à jour du jeu ===

[2024-12-19 18:00:21] ✅ 8 plantes mises à jour
[2024-12-19 18:00:21] ✅ Environnement mis à jour
[2024-12-19 18:00:21] ℹ️ Pas besoin de rafraîchir les missions maintenant
[2024-12-19 18:00:21] ℹ️ Aucun événement de guilde à terminer
[2024-12-19 18:00:21] ℹ️ Jour de jeu actuel : 2047-03-31
[2024-12-19 18:00:21] ℹ️ 
=== Résumé de la mise à jour ===
[2024-12-19 18:00:21] ℹ️ Plantes mises à jour : 8
[2024-12-19 18:00:21] ℹ️ Missions rafraîchies : 0
[2024-12-19 18:00:21] ℹ️ Événements terminés : 0
[2024-12-19 18:00:21] ℹ️ === Fin de la mise à jour ===

[2024-12-19 19:00:22] ℹ️ === Début de la mise à jour du jeu ===

[2024-12-19 19:00:22] ✅ 8 plantes mises à jour
[2024-12-19 19:00:22] ✅ Environnement mis à jour
[2024-12-19 19:00:22] ℹ️ Pas besoin de rafraîchir les missions maintenant
[2024-12-19 19:00:22] ℹ️ Aucun événement de guilde à terminer
[2024-12-19 19:00:22] ℹ️ Jour de jeu actuel : 2047-04-01
[2024-12-19 19:00:22] ℹ️ 
=== Résumé de la mise à jour ===
[2024-12-19 19:00:22] ℹ️ Plantes mises à jour : 8
[2024-12-19 19:00:22] ℹ️ Missions rafraîchies : 0
[2024-12-19 19:00:22] ℹ️ Événements terminés : 0
[2024-12-19 19:00:22] ℹ️ === Fin de la mise à jour ===

[2024-12-19 20:00:23] ℹ️ === Début de la mise à jour du jeu ===

[2024-12-19 20:00:23] ✅ 8 plantes mises à jour
[2024-12-19 21:00:21] ℹ️ === Début de la mise à jour du jeu ===

[2024-12-19 21:00:21] ✅ 8 plantes mises à jour
[2024-12-19 22:00:23] ℹ️ === Début de la mise à jour du jeu ===

[2024-12-19 22:00:23] ✅ 8 plantes mises à jour
[2024-12-19 22:00:23] ✅ Environnement mis à jour
[2024-12-19 22:00:23] ℹ️ Pas besoin de rafraîchir les missions maintenant
[2024-12-19 22:00:23] ℹ️ Aucun événement de guilde à terminer
[2024-12-19 22:00:23] ℹ️ Jour de jeu actuel : 2047-04-04
[2024-12-19 22:00:23] ℹ️ 
=== Résumé de la mise à jour ===
[2024-12-19 22:00:23] ℹ️ Plantes mises à jour : 8
[2024-12-19 22:00:23] ℹ️ Missions rafraîchies : 0
[2024-12-19 22:00:23] ℹ️ Événements terminés : 0
[2024-12-19 22:00:23] ℹ️ === Fin de la mise à jour ===

[2024-12-19 23:00:23] ℹ️ === Début de la mise à jour du jeu ===

[2024-12-19 23:00:23] ✅ 8 plantes mises à jour
[2024-12-19 23:00:23] ✅ Environnement mis à jour
[2024-12-19 23:00:23] ℹ️ Pas besoin de rafraîchir les missions maintenant
[2024-12-19 23:00:23] ℹ️ Aucun événement de guilde à terminer
[2024-12-19 23:00:23] ℹ️ Jour de jeu actuel : 2047-04-05
[2024-12-19 23:00:23] ℹ️ 
=== Résumé de la mise à jour ===
[2024-12-19 23:00:23] ℹ️ Plantes mises à jour : 8
[2024-12-19 23:00:23] ℹ️ Missions rafraîchies : 0
[2024-12-19 23:00:23] ℹ️ Événements terminés : 0
[2024-12-19 23:00:23] ℹ️ === Fin de la mise à jour ===

[2024-12-20 00:00:26] ℹ️ === Début de la mise à jour du jeu ===

[2024-12-20 00:00:26] ✅ 8 plantes mises à jour
[2024-12-20 00:00:26] ✅ Environnement mis à jour
[2024-12-20 00:00:26] ✅ Missions rafraîchies pour 3 utilisateurs
[2024-12-20 00:00:26] ℹ️ Aucun événement de guilde à terminer
[2024-12-20 00:00:26] ℹ️ Jour de jeu actuel : 2047-04-06
[2024-12-20 00:00:26] ℹ️ 
=== Résumé de la mise à jour ===
[2024-12-20 00:00:26] ℹ️ Plantes mises à jour : 8
[2024-12-20 00:00:26] ℹ️ Missions rafraîchies : 3
[2024-12-20 00:00:26] ℹ️ Événements terminés : 0
[2024-12-20 00:00:26] ℹ️ === Fin de la mise à jour ===

[2024-12-20 01:00:22] ℹ️ === Début de la mise à jour du jeu ===

[2024-12-20 01:00:22] ✅ 8 plantes mises à jour
[2024-12-20 01:00:22] ✅ Environnement mis à jour
[2024-12-20 01:00:22] ℹ️ Pas besoin de rafraîchir les missions maintenant
[2024-12-20 01:00:22] ℹ️ Aucun événement de guilde à terminer
[2024-12-20 01:00:22] ℹ️ Jour de jeu actuel : 2047-04-07
[2024-12-20 01:00:22] ℹ️ 
=== Résumé de la mise à jour ===
[2024-12-20 01:00:22] ℹ️ Plantes mises à jour : 8
[2024-12-20 01:00:22] ℹ️ Missions rafraîchies : 0
[2024-12-20 01:00:22] ℹ️ Événements terminés : 0
[2024-12-20 01:00:22] ℹ️ === Fin de la mise à jour ===

[2024-12-20 02:00:24] ℹ️ === Début de la mise à jour du jeu ===

[2024-12-20 02:00:24] ✅ 8 plantes mises à jour
[2024-12-20 03:00:24] ℹ️ === Début de la mise à jour du jeu ===

[2024-12-20 03:00:24] ✅ 8 plantes mises à jour
[2024-12-20 03:00:24] ✅ Environnement mis à jour
[2024-12-20 03:00:24] ℹ️ Pas besoin de rafraîchir les missions maintenant
[2024-12-20 03:00:24] ℹ️ Aucun événement de guilde à terminer
[2024-12-20 03:00:24] ℹ️ Jour de jeu actuel : 2047-04-09
[2024-12-20 03:00:24] ℹ️ 
=== Résumé de la mise à jour ===
[2024-12-20 03:00:24] ℹ️ Plantes mises à jour : 8
[2024-12-20 03:00:24] ℹ️ Missions rafraîchies : 0
[2024-12-20 03:00:24] ℹ️ Événements terminés : 0
[2024-12-20 03:00:24] ℹ️ === Fin de la mise à jour ===

[2024-12-20 04:00:23] ℹ️ === Début de la mise à jour du jeu ===

[2024-12-20 04:00:23] ✅ 8 plantes mises à jour
[2024-12-20 04:00:23] ✅ Environnement mis à jour
[2024-12-20 04:00:23] ℹ️ Pas besoin de rafraîchir les missions maintenant
[2024-12-20 04:00:23] ℹ️ Aucun événement de guilde à terminer
[2024-12-20 04:00:23] ℹ️ Jour de jeu actuel : 2047-04-10
[2024-12-20 04:00:23] ℹ️ 
=== Résumé de la mise à jour ===
[2024-12-20 04:00:23] ℹ️ Plantes mises à jour : 8
[2024-12-20 04:00:23] ℹ️ Missions rafraîchies : 0
[2024-12-20 04:00:23] ℹ️ Événements terminés : 0
[2024-12-20 04:00:23] ℹ️ === Fin de la mise à jour ===

[2024-12-20 05:00:24] ℹ️ === Début de la mise à jour du jeu ===

[2024-12-20 05:00:24] ✅ 8 plantes mises à jour
[2024-12-20 05:00:24] ✅ Environnement mis à jour
[2024-12-20 05:00:24] ℹ️ Pas besoin de rafraîchir les missions maintenant
[2024-12-20 05:00:24] ℹ️ Aucun événement de guilde à terminer
[2024-12-20 05:00:24] ℹ️ Jour de jeu actuel : 2047-04-11
[2024-12-20 05:00:24] ℹ️ 
=== Résumé de la mise à jour ===
[2024-12-20 05:00:24] ℹ️ Plantes mises à jour : 8
[2024-12-20 05:00:24] ℹ️ Missions rafraîchies : 0
[2024-12-20 05:00:24] ℹ️ Événements terminés : 0
[2024-12-20 05:00:24] ℹ️ === Fin de la mise à jour ===

[2024-12-20 06:00:24] ℹ️ === Début de la mise à jour du jeu ===

[2024-12-20 06:00:24] ✅ 8 plantes mises à jour
[2024-12-20 07:00:25] ℹ️ === Début de la mise à jour du jeu ===

[2024-12-20 07:00:25] ✅ 8 plantes mises à jour
[2024-12-20 07:00:25] ✅ Environnement mis à jour
[2024-12-20 07:00:25] ℹ️ Pas besoin de rafraîchir les missions maintenant
[2024-12-20 07:00:25] ℹ️ Aucun événement de guilde à terminer
[2024-12-20 07:00:25] ℹ️ Jour de jeu actuel : 2047-04-13
[2024-12-20 07:00:25] ℹ️ 
=== Résumé de la mise à jour ===
[2024-12-20 07:00:25] ℹ️ Plantes mises à jour : 8
[2024-12-20 07:00:25] ℹ️ Missions rafraîchies : 0
[2024-12-20 07:00:25] ℹ️ Événements terminés : 0
[2024-12-20 07:00:25] ℹ️ === Fin de la mise à jour ===

[2024-12-20 08:00:23] ℹ️ === Début de la mise à jour du jeu ===

[2024-12-20 08:00:23] ✅ 8 plantes mises à jour
[2024-12-20 08:00:23] ✅ Environnement mis à jour
[2024-12-20 08:00:23] ℹ️ Pas besoin de rafraîchir les missions maintenant
[2024-12-20 08:00:23] ℹ️ Aucun événement de guilde à terminer
[2024-12-20 08:00:23] ℹ️ Jour de jeu actuel : 2047-04-14
[2024-12-20 08:00:23] ℹ️ 
=== Résumé de la mise à jour ===
[2024-12-20 08:00:23] ℹ️ Plantes mises à jour : 8
[2024-12-20 08:00:23] ℹ️ Missions rafraîchies : 0
[2024-12-20 08:00:23] ℹ️ Événements terminés : 0
[2024-12-20 08:00:23] ℹ️ === Fin de la mise à jour ===

[2024-12-20 09:00:24] ℹ️ === Début de la mise à jour du jeu ===

[2024-12-20 09:00:24] ✅ 8 plantes mises à jour
[2024-12-20 10:00:21] ℹ️ === Début de la mise à jour du jeu ===

[2024-12-20 10:00:21] ✅ 8 plantes mises à jour
[2024-12-20 11:00:22] ℹ️ === Début de la mise à jour du jeu ===

[2024-12-20 11:00:22] ✅ 8 plantes mises à jour
[2024-12-20 12:00:22] ℹ️ === Début de la mise à jour du jeu ===

[2024-12-20 12:00:22] ✅ 8 plantes mises à jour
[2024-12-20 13:00:23] ℹ️ === Début de la mise à jour du jeu ===

[2024-12-20 13:00:23] ✅ 8 plantes mises à jour
[2024-12-20 13:00:23] ✅ Environnement mis à jour
[2024-12-20 13:00:23] ℹ️ Pas besoin de rafraîchir les missions maintenant
[2024-12-20 13:00:23] ℹ️ Aucun événement de guilde à terminer
[2024-12-20 13:00:23] ℹ️ Jour de jeu actuel : 2047-04-19
[2024-12-20 13:00:23] ℹ️ 
=== Résumé de la mise à jour ===
[2024-12-20 13:00:23] ℹ️ Plantes mises à jour : 8
[2024-12-20 13:00:23] ℹ️ Missions rafraîchies : 0
[2024-12-20 13:00:23] ℹ️ Événements terminés : 0
[2024-12-20 13:00:23] ℹ️ === Fin de la mise à jour ===

[2024-12-20 14:00:22] ℹ️ === Début de la mise à jour du jeu ===

[2024-12-20 14:00:22] ✅ 8 plantes mises à jour
[2024-12-20 14:00:22] ✅ Environnement mis à jour
[2024-12-20 14:00:22] ℹ️ Pas besoin de rafraîchir les missions maintenant
[2024-12-20 14:00:22] ℹ️ Aucun événement de guilde à terminer
[2024-12-20 14:00:22] ℹ️ Jour de jeu actuel : 2047-04-20
[2024-12-20 14:00:22] ℹ️ 
=== Résumé de la mise à jour ===
[2024-12-20 14:00:22] ℹ️ Plantes mises à jour : 8
[2024-12-20 14:00:22] ℹ️ Missions rafraîchies : 0
[2024-12-20 14:00:22] ℹ️ Événements terminés : 0
[2024-12-20 14:00:22] ℹ️ === Fin de la mise à jour ===

[2024-12-20 15:00:23] ℹ️ === Début de la mise à jour du jeu ===

[2024-12-20 15:00:23] ✅ 8 plantes mises à jour
[2024-12-20 16:00:21] ℹ️ === Début de la mise à jour du jeu ===

[2024-12-20 16:00:21] ✅ 8 plantes mises à jour
[2024-12-20 16:00:21] ✅ Environnement mis à jour
[2024-12-20 16:00:21] ℹ️ Pas besoin de rafraîchir les missions maintenant
[2024-12-20 16:00:21] ℹ️ Aucun événement de guilde à terminer
[2024-12-20 16:00:21] ℹ️ Jour de jeu actuel : 2047-04-22
[2024-12-20 16:00:21] ℹ️ 
=== Résumé de la mise à jour ===
[2024-12-20 16:00:21] ℹ️ Plantes mises à jour : 8
[2024-12-20 16:00:21] ℹ️ Missions rafraîchies : 0
[2024-12-20 16:00:21] ℹ️ Événements terminés : 0
[2024-12-20 16:00:21] ℹ️ === Fin de la mise à jour ===

[2024-12-20 17:00:23] ℹ️ === Début de la mise à jour du jeu ===

[2024-12-20 17:00:23] ✅ 8 plantes mises à jour
[2024-12-20 18:00:23] ℹ️ === Début de la mise à jour du jeu ===

[2024-12-20 18:00:23] ✅ 8 plantes mises à jour
[2024-12-20 18:00:23] ✅ Environnement mis à jour
[2024-12-20 18:00:23] ℹ️ Pas besoin de rafraîchir les missions maintenant
[2024-12-20 18:00:23] ℹ️ Aucun événement de guilde à terminer
[2024-12-20 18:00:23] ℹ️ Jour de jeu actuel : 2047-04-24
[2024-12-20 18:00:23] ℹ️ 
=== Résumé de la mise à jour ===
[2024-12-20 18:00:23] ℹ️ Plantes mises à jour : 8
[2024-12-20 18:00:23] ℹ️ Missions rafraîchies : 0
[2024-12-20 18:00:23] ℹ️ Événements terminés : 0
[2024-12-20 18:00:23] ℹ️ === Fin de la mise à jour ===

[2024-12-20 19:00:22] ℹ️ === Début de la mise à jour du jeu ===

[2024-12-20 19:00:22] ✅ 8 plantes mises à jour
[2024-12-20 19:00:22] ✅ Environnement mis à jour
[2024-12-20 19:00:22] ℹ️ Pas besoin de rafraîchir les missions maintenant
[2024-12-20 19:00:22] ℹ️ Aucun événement de guilde à terminer
[2024-12-20 19:00:22] ℹ️ Jour de jeu actuel : 2047-04-25
[2024-12-20 19:00:22] ℹ️ 
=== Résumé de la mise à jour ===
[2024-12-20 19:00:22] ℹ️ Plantes mises à jour : 8
[2024-12-20 19:00:22] ℹ️ Missions rafraîchies : 0
[2024-12-20 19:00:22] ℹ️ Événements terminés : 0
[2024-12-20 19:00:22] ℹ️ === Fin de la mise à jour ===

[2024-12-20 20:00:23] ℹ️ === Début de la mise à jour du jeu ===

[2024-12-20 20:00:23] ✅ 8 plantes mises à jour
[2024-12-20 21:00:21] ℹ️ === Début de la mise à jour du jeu ===

[2024-12-20 21:00:21] ✅ 8 plantes mises à jour
[2024-12-20 21:00:21] ✅ Environnement mis à jour
[2024-12-20 21:00:21] ℹ️ Pas besoin de rafraîchir les missions maintenant
[2024-12-20 21:00:21] ℹ️ Aucun événement de guilde à terminer
[2024-12-20 21:00:21] ℹ️ Jour de jeu actuel : 2047-04-27
[2024-12-20 21:00:21] ℹ️ 
=== Résumé de la mise à jour ===
[2024-12-20 21:00:21] ℹ️ Plantes mises à jour : 8
[2024-12-20 21:00:21] ℹ️ Missions rafraîchies : 0
[2024-12-20 21:00:21] ℹ️ Événements terminés : 0
[2024-12-20 21:00:21] ℹ️ === Fin de la mise à jour ===

[2024-12-20 22:00:22] ℹ️ === Début de la mise à jour du jeu ===

[2024-12-20 22:00:22] ✅ 8 plantes mises à jour
[2024-12-20 22:00:22] ✅ Environnement mis à jour
[2024-12-20 22:00:22] ℹ️ Pas besoin de rafraîchir les missions maintenant
[2024-12-20 22:00:22] ℹ️ Aucun événement de guilde à terminer
[2024-12-20 22:00:22] ℹ️ Jour de jeu actuel : 2047-04-28
[2024-12-20 22:00:22] ℹ️ 
=== Résumé de la mise à jour ===
[2024-12-20 22:00:22] ℹ️ Plantes mises à jour : 8
[2024-12-20 22:00:22] ℹ️ Missions rafraîchies : 0
[2024-12-20 22:00:22] ℹ️ Événements terminés : 0
[2024-12-20 22:00:22] ℹ️ === Fin de la mise à jour ===

[2024-12-20 23:00:23] ℹ️ === Début de la mise à jour du jeu ===

[2024-12-20 23:00:23] ✅ 8 plantes mises à jour
[2024-12-20 23:00:23] ✅ Environnement mis à jour
[2024-12-20 23:00:23] ℹ️ Pas besoin de rafraîchir les missions maintenant
[2024-12-20 23:00:23] ℹ️ Aucun événement de guilde à terminer
[2024-12-20 23:00:23] ℹ️ Jour de jeu actuel : 2047-04-29
[2024-12-20 23:00:23] ℹ️ 
=== Résumé de la mise à jour ===
[2024-12-20 23:00:23] ℹ️ Plantes mises à jour : 8
[2024-12-20 23:00:23] ℹ️ Missions rafraîchies : 0
[2024-12-20 23:00:23] ℹ️ Événements terminés : 0
[2024-12-20 23:00:23] ℹ️ === Fin de la mise à jour ===

[2024-12-21 00:00:25] ℹ️ === Début de la mise à jour du jeu ===

[2024-12-21 00:00:25] ✅ 8 plantes mises à jour
[2024-12-21 00:00:25] ✅ Environnement mis à jour
[2024-12-21 00:00:25] ✅ Missions rafraîchies pour 3 utilisateurs
[2024-12-21 00:00:25] ℹ️ Aucun événement de guilde à terminer
[2024-12-21 00:00:25] ℹ️ Jour de jeu actuel : 2047-04-30
[2024-12-21 00:00:25] ℹ️ 
=== Résumé de la mise à jour ===
[2024-12-21 00:00:25] ℹ️ Plantes mises à jour : 8
[2024-12-21 00:00:25] ℹ️ Missions rafraîchies : 3
[2024-12-21 00:00:25] ℹ️ Événements terminés : 0
[2024-12-21 00:00:25] ℹ️ === Fin de la mise à jour ===

[2024-12-21 01:00:24] ℹ️ === Début de la mise à jour du jeu ===

[2024-12-21 01:00:24] ✅ 8 plantes mises à jour
[2024-12-21 01:00:24] ✅ Environnement mis à jour
[2024-12-21 01:00:24] ℹ️ Pas besoin de rafraîchir les missions maintenant
[2024-12-21 01:00:24] ℹ️ Aucun événement de guilde à terminer
[2024-12-21 01:00:24] ℹ️ Jour de jeu actuel : 2047-05-01
[2024-12-21 01:00:24] ℹ️ 
=== Résumé de la mise à jour ===
[2024-12-21 01:00:24] ℹ️ Plantes mises à jour : 8
[2024-12-21 01:00:24] ℹ️ Missions rafraîchies : 0
[2024-12-21 01:00:24] ℹ️ Événements terminés : 0
[2024-12-21 01:00:24] ℹ️ === Fin de la mise à jour ===

[2024-12-21 02:00:29] ℹ️ === Début de la mise à jour du jeu ===

[2024-12-21 02:00:29] ✅ 8 plantes mises à jour
[2024-12-21 02:00:29] ✅ Environnement mis à jour
[2024-12-21 02:00:29] ℹ️ Pas besoin de rafraîchir les missions maintenant
[2024-12-21 02:00:29] ℹ️ Aucun événement de guilde à terminer
[2024-12-21 02:00:29] ℹ️ Jour de jeu actuel : 2047-05-02
[2024-12-21 02:00:29] ℹ️ 
=== Résumé de la mise à jour ===
[2024-12-21 02:00:29] ℹ️ Plantes mises à jour : 8
[2024-12-21 02:00:29] ℹ️ Missions rafraîchies : 0
[2024-12-21 02:00:29] ℹ️ Événements terminés : 0
[2024-12-21 02:00:29] ℹ️ === Fin de la mise à jour ===

[2024-12-21 03:00:23] ℹ️ === Début de la mise à jour du jeu ===

[2024-12-21 03:00:23] ✅ 8 plantes mises à jour
[2024-12-21 04:00:23] ℹ️ === Début de la mise à jour du jeu ===

[2024-12-21 04:00:23] ✅ 8 plantes mises à jour
[2024-12-21 04:00:23] ✅ Environnement mis à jour
[2024-12-21 04:00:23] ℹ️ Pas besoin de rafraîchir les missions maintenant
[2024-12-21 04:00:23] ℹ️ Aucun événement de guilde à terminer
[2024-12-21 04:00:23] ℹ️ Jour de jeu actuel : 2047-05-04
[2024-12-21 04:00:23] ℹ️ 
=== Résumé de la mise à jour ===
[2024-12-21 04:00:23] ℹ️ Plantes mises à jour : 8
[2024-12-21 04:00:23] ℹ️ Missions rafraîchies : 0
[2024-12-21 04:00:23] ℹ️ Événements terminés : 0
[2024-12-21 04:00:23] ℹ️ === Fin de la mise à jour ===

[2024-12-21 05:00:26] ℹ️ === Début de la mise à jour du jeu ===

[2024-12-21 05:00:26] ✅ 8 plantes mises à jour
[2024-12-21 05:00:26] ✅ Environnement mis à jour
[2024-12-21 05:00:26] ℹ️ Pas besoin de rafraîchir les missions maintenant
[2024-12-21 05:00:26] ℹ️ Aucun événement de guilde à terminer
[2024-12-21 05:00:26] ℹ️ Jour de jeu actuel : 2047-05-05
[2024-12-21 05:00:26] ℹ️ 
=== Résumé de la mise à jour ===
[2024-12-21 05:00:26] ℹ️ Plantes mises à jour : 8
[2024-12-21 05:00:26] ℹ️ Missions rafraîchies : 0
[2024-12-21 05:00:26] ℹ️ Événements terminés : 0
[2024-12-21 05:00:26] ℹ️ === Fin de la mise à jour ===

[2024-12-21 06:00:24] ℹ️ === Début de la mise à jour du jeu ===

[2024-12-21 06:00:24] ✅ 8 plantes mises à jour
[2024-12-21 07:00:25] ℹ️ === Début de la mise à jour du jeu ===

[2024-12-21 07:00:25] ✅ 8 plantes mises à jour
[2024-12-21 07:00:25] ✅ Environnement mis à jour
[2024-12-21 07:00:25] ℹ️ Pas besoin de rafraîchir les missions maintenant
[2024-12-21 07:00:25] ℹ️ Aucun événement de guilde à terminer
[2024-12-21 07:00:25] ℹ️ Jour de jeu actuel : 2047-05-07
[2024-12-21 07:00:25] ℹ️ 
=== Résumé de la mise à jour ===
[2024-12-21 07:00:25] ℹ️ Plantes mises à jour : 8
[2024-12-21 07:00:25] ℹ️ Missions rafraîchies : 0
[2024-12-21 07:00:25] ℹ️ Événements terminés : 0
[2024-12-21 07:00:25] ℹ️ === Fin de la mise à jour ===

[2024-12-21 08:00:24] ℹ️ === Début de la mise à jour du jeu ===

[2024-12-21 08:00:24] ✅ 8 plantes mises à jour
[2024-12-21 08:00:24] ✅ Environnement mis à jour
[2024-12-21 08:00:24] ℹ️ Pas besoin de rafraîchir les missions maintenant
[2024-12-21 08:00:24] ℹ️ Aucun événement de guilde à terminer
[2024-12-21 08:00:24] ℹ️ Jour de jeu actuel : 2047-05-08
[2024-12-21 08:00:24] ℹ️ 
=== Résumé de la mise à jour ===
[2024-12-21 08:00:24] ℹ️ Plantes mises à jour : 8
[2024-12-21 08:00:24] ℹ️ Missions rafraîchies : 0
[2024-12-21 08:00:24] ℹ️ Événements terminés : 0
[2024-12-21 08:00:24] ℹ️ === Fin de la mise à jour ===

[2024-12-21 09:00:23] ℹ️ === Début de la mise à jour du jeu ===

[2024-12-21 09:00:23] ✅ 8 plantes mises à jour
[2024-12-21 09:00:23] ✅ Environnement mis à jour
[2024-12-21 09:00:23] ℹ️ Pas besoin de rafraîchir les missions maintenant
[2024-12-21 09:00:23] ℹ️ Aucun événement de guilde à terminer
[2024-12-21 09:00:23] ℹ️ Jour de jeu actuel : 2047-05-09
[2024-12-21 09:00:23] ℹ️ 
=== Résumé de la mise à jour ===
[2024-12-21 09:00:23] ℹ️ Plantes mises à jour : 8
[2024-12-21 09:00:23] ℹ️ Missions rafraîchies : 0
[2024-12-21 09:00:23] ℹ️ Événements terminés : 0
[2024-12-21 09:00:23] ℹ️ === Fin de la mise à jour ===

[2024-12-21 10:00:23] ℹ️ === Début de la mise à jour du jeu ===

[2024-12-21 10:00:23] ✅ 8 plantes mises à jour
[2024-12-21 10:00:23] ✅ Environnement mis à jour
[2024-12-21 10:00:23] ℹ️ Pas besoin de rafraîchir les missions maintenant
[2024-12-21 10:00:23] ℹ️ Aucun événement de guilde à terminer
[2024-12-21 10:00:23] ℹ️ Jour de jeu actuel : 2047-05-10
[2024-12-21 10:00:23] ℹ️ 
=== Résumé de la mise à jour ===
[2024-12-21 10:00:23] ℹ️ Plantes mises à jour : 8
[2024-12-21 10:00:23] ℹ️ Missions rafraîchies : 0
[2024-12-21 10:00:23] ℹ️ Événements terminés : 0
[2024-12-21 10:00:23] ℹ️ === Fin de la mise à jour ===

[2024-12-21 11:00:24] ℹ️ === Début de la mise à jour du jeu ===

[2024-12-21 11:00:24] ✅ 8 plantes mises à jour
[2024-12-21 11:00:24] ✅ Environnement mis à jour
[2024-12-21 11:00:24] ℹ️ Pas besoin de rafraîchir les missions maintenant
[2024-12-21 11:00:24] ℹ️ Aucun événement de guilde à terminer
[2024-12-21 11:00:24] ℹ️ Jour de jeu actuel : 2047-05-11
[2024-12-21 11:00:24] ℹ️ 
=== Résumé de la mise à jour ===
[2024-12-21 11:00:24] ℹ️ Plantes mises à jour : 8
[2024-12-21 11:00:24] ℹ️ Missions rafraîchies : 0
[2024-12-21 11:00:24] ℹ️ Événements terminés : 0
[2024-12-21 11:00:24] ℹ️ === Fin de la mise à jour ===

[2024-12-21 12:00:23] ℹ️ === Début de la mise à jour du jeu ===

[2024-12-21 12:00:23] ✅ 8 plantes mises à jour
[2024-12-21 12:00:23] ✅ Environnement mis à jour
[2024-12-21 12:00:23] ℹ️ Pas besoin de rafraîchir les missions maintenant
[2024-12-21 12:00:23] ℹ️ Aucun événement de guilde à terminer
[2024-12-21 12:00:23] ℹ️ Jour de jeu actuel : 2047-05-12
[2024-12-21 12:00:23] ℹ️ 
=== Résumé de la mise à jour ===
[2024-12-21 12:00:23] ℹ️ Plantes mises à jour : 8
[2024-12-21 12:00:23] ℹ️ Missions rafraîchies : 0
[2024-12-21 12:00:23] ℹ️ Événements terminés : 0
[2024-12-21 12:00:23] ℹ️ === Fin de la mise à jour ===

[2024-12-21 13:00:22] ℹ️ === Début de la mise à jour du jeu ===

[2024-12-21 13:00:22] ✅ 8 plantes mises à jour
[2024-12-21 14:00:22] ℹ️ === Début de la mise à jour du jeu ===

[2024-12-21 14:00:22] ✅ 8 plantes mises à jour
[2024-12-21 14:00:22] ✅ Environnement mis à jour
[2024-12-21 14:00:22] ℹ️ Pas besoin de rafraîchir les missions maintenant
[2024-12-21 14:00:22] ℹ️ Aucun événement de guilde à terminer
[2024-12-21 14:00:22] ℹ️ Jour de jeu actuel : 2047-05-14
[2024-12-21 14:00:22] ℹ️ 
=== Résumé de la mise à jour ===
[2024-12-21 14:00:22] ℹ️ Plantes mises à jour : 8
[2024-12-21 14:00:22] ℹ️ Missions rafraîchies : 0
[2024-12-21 14:00:22] ℹ️ Événements terminés : 0
[2024-12-21 14:00:22] ℹ️ === Fin de la mise à jour ===

[2024-12-21 15:00:21] ℹ️ === Début de la mise à jour du jeu ===

[2024-12-21 15:00:21] ✅ 8 plantes mises à jour
[2024-12-21 15:00:21] ✅ Environnement mis à jour
[2024-12-21 15:00:21] ℹ️ Pas besoin de rafraîchir les missions maintenant
[2024-12-21 15:00:21] ℹ️ Aucun événement de guilde à terminer
[2024-12-21 15:00:21] ℹ️ Jour de jeu actuel : 2047-05-15
[2024-12-21 15:00:21] ℹ️ 
=== Résumé de la mise à jour ===
[2024-12-21 15:00:21] ℹ️ Plantes mises à jour : 8
[2024-12-21 15:00:21] ℹ️ Missions rafraîchies : 0
[2024-12-21 15:00:21] ℹ️ Événements terminés : 0
[2024-12-21 15:00:21] ℹ️ === Fin de la mise à jour ===

[2024-12-21 16:00:22] ℹ️ === Début de la mise à jour du jeu ===

[2024-12-21 16:00:22] ✅ 8 plantes mises à jour
[2024-12-21 17:00:23] ℹ️ === Début de la mise à jour du jeu ===

[2024-12-21 17:00:23] ✅ 8 plantes mises à jour
[2024-12-21 18:00:22] ℹ️ === Début de la mise à jour du jeu ===

[2024-12-21 18:00:22] ✅ 8 plantes mises à jour
[2024-12-21 18:00:22] ✅ Environnement mis à jour
[2024-12-21 18:00:22] ℹ️ Pas besoin de rafraîchir les missions maintenant
[2024-12-21 18:00:22] ℹ️ Aucun événement de guilde à terminer
[2024-12-21 18:00:22] ℹ️ Jour de jeu actuel : 2047-05-18
[2024-12-21 18:00:22] ℹ️ 
=== Résumé de la mise à jour ===
[2024-12-21 18:00:22] ℹ️ Plantes mises à jour : 8
[2024-12-21 18:00:22] ℹ️ Missions rafraîchies : 0
[2024-12-21 18:00:22] ℹ️ Événements terminés : 0
[2024-12-21 18:00:22] ℹ️ === Fin de la mise à jour ===

[2024-12-21 19:00:23] ℹ️ === Début de la mise à jour du jeu ===

[2024-12-21 19:00:23] ✅ 8 plantes mises à jour
[2024-12-21 19:00:23] ✅ Environnement mis à jour
[2024-12-21 19:00:23] ℹ️ Pas besoin de rafraîchir les missions maintenant
[2024-12-21 19:00:23] ℹ️ Aucun événement de guilde à terminer
[2024-12-21 19:00:23] ℹ️ Jour de jeu actuel : 2047-05-19
[2024-12-21 19:00:23] ℹ️ 
=== Résumé de la mise à jour ===
[2024-12-21 19:00:23] ℹ️ Plantes mises à jour : 8
[2024-12-21 19:00:23] ℹ️ Missions rafraîchies : 0
[2024-12-21 19:00:23] ℹ️ Événements terminés : 0
[2024-12-21 19:00:23] ℹ️ === Fin de la mise à jour ===

[2024-12-21 20:00:23] ℹ️ === Début de la mise à jour du jeu ===

[2024-12-21 20:00:23] ✅ 8 plantes mises à jour
[2024-12-21 20:00:23] ✅ Environnement mis à jour
[2024-12-21 20:00:23] ℹ️ Pas besoin de rafraîchir les missions maintenant
[2024-12-21 20:00:23] ℹ️ Aucun événement de guilde à terminer
[2024-12-21 20:00:23] ℹ️ Jour de jeu actuel : 2047-05-20
[2024-12-21 20:00:23] ℹ️ 
=== Résumé de la mise à jour ===
[2024-12-21 20:00:23] ℹ️ Plantes mises à jour : 8
[2024-12-21 20:00:23] ℹ️ Missions rafraîchies : 0
[2024-12-21 20:00:23] ℹ️ Événements terminés : 0
[2024-12-21 20:00:23] ℹ️ === Fin de la mise à jour ===

[2024-12-21 21:00:23] ℹ️ === Début de la mise à jour du jeu ===

[2024-12-21 21:00:23] ✅ 8 plantes mises à jour
[2024-12-21 21:00:23] ✅ Environnement mis à jour
[2024-12-21 21:00:23] ℹ️ Pas besoin de rafraîchir les missions maintenant
[2024-12-21 21:00:23] ℹ️ Aucun événement de guilde à terminer
[2024-12-21 21:00:23] ℹ️ Jour de jeu actuel : 2047-05-21
[2024-12-21 21:00:23] ℹ️ 
=== Résumé de la mise à jour ===
[2024-12-21 21:00:23] ℹ️ Plantes mises à jour : 8
[2024-12-21 21:00:23] ℹ️ Missions rafraîchies : 0
[2024-12-21 21:00:23] ℹ️ Événements terminés : 0
[2024-12-21 21:00:23] ℹ️ === Fin de la mise à jour ===

[2024-12-21 22:00:22] ℹ️ === Début de la mise à jour du jeu ===

[2024-12-21 22:00:22] ✅ 8 plantes mises à jour
[2024-12-21 23:00:25] ℹ️ === Début de la mise à jour du jeu ===

[2024-12-21 23:00:25] ✅ 8 plantes mises à jour
[2024-12-21 23:00:25] ✅ Environnement mis à jour
[2024-12-21 23:00:25] ℹ️ Pas besoin de rafraîchir les missions maintenant
[2024-12-21 23:00:25] ℹ️ Aucun événement de guilde à terminer
[2024-12-21 23:00:25] ℹ️ Jour de jeu actuel : 2047-05-23
[2024-12-21 23:00:25] ℹ️ 
=== Résumé de la mise à jour ===
[2024-12-21 23:00:25] ℹ️ Plantes mises à jour : 8
[2024-12-21 23:00:25] ℹ️ Missions rafraîchies : 0
[2024-12-21 23:00:25] ℹ️ Événements terminés : 0
[2024-12-21 23:00:25] ℹ️ === Fin de la mise à jour ===

[2024-12-22 00:00:24] ℹ️ === Début de la mise à jour du jeu ===

[2024-12-22 00:00:24] ✅ 8 plantes mises à jour
[2024-12-22 00:00:24] ✅ Environnement mis à jour
[2024-12-22 00:00:24] ✅ Missions rafraîchies pour 3 utilisateurs
[2024-12-22 00:00:24] ℹ️ Aucun événement de guilde à terminer
[2024-12-22 00:00:24] ℹ️ Jour de jeu actuel : 2047-05-24
[2024-12-22 00:00:24] ℹ️ 
=== Résumé de la mise à jour ===
[2024-12-22 00:00:24] ℹ️ Plantes mises à jour : 8
[2024-12-22 00:00:24] ℹ️ Missions rafraîchies : 3
[2024-12-22 00:00:24] ℹ️ Événements terminés : 0
[2024-12-22 00:00:24] ℹ️ === Fin de la mise à jour ===

[2024-12-22 01:00:24] ℹ️ === Début de la mise à jour du jeu ===

[2024-12-22 01:00:24] ✅ 8 plantes mises à jour
[2024-12-22 01:00:24] ✅ Environnement mis à jour
[2024-12-22 01:00:24] ℹ️ Pas besoin de rafraîchir les missions maintenant
[2024-12-22 01:00:24] ℹ️ Aucun événement de guilde à terminer
[2024-12-22 01:00:24] ℹ️ Jour de jeu actuel : 2047-05-25
[2024-12-22 01:00:24] ℹ️ 
=== Résumé de la mise à jour ===
[2024-12-22 01:00:24] ℹ️ Plantes mises à jour : 8
[2024-12-22 01:00:24] ℹ️ Missions rafraîchies : 0
[2024-12-22 01:00:24] ℹ️ Événements terminés : 0
[2024-12-22 01:00:24] ℹ️ === Fin de la mise à jour ===

[2024-12-22 02:00:26] ℹ️ === Début de la mise à jour du jeu ===

[2024-12-22 02:00:26] ✅ 8 plantes mises à jour
[2024-12-22 03:00:24] ℹ️ === Début de la mise à jour du jeu ===

[2024-12-22 03:00:24] ✅ 8 plantes mises à jour
[2024-12-22 03:00:24] ✅ Environnement mis à jour
[2024-12-22 03:00:24] ℹ️ Pas besoin de rafraîchir les missions maintenant
[2024-12-22 03:00:24] ℹ️ Aucun événement de guilde à terminer
[2024-12-22 03:00:24] ℹ️ Jour de jeu actuel : 2047-05-27
[2024-12-22 03:00:24] ℹ️ 
=== Résumé de la mise à jour ===
[2024-12-22 03:00:24] ℹ️ Plantes mises à jour : 8
[2024-12-22 03:00:24] ℹ️ Missions rafraîchies : 0
[2024-12-22 03:00:24] ℹ️ Événements terminés : 0
[2024-12-22 03:00:24] ℹ️ === Fin de la mise à jour ===

[2024-12-22 04:00:23] ℹ️ === Début de la mise à jour du jeu ===

[2024-12-22 04:00:23] ✅ 8 plantes mises à jour
[2024-12-22 05:00:26] ℹ️ === Début de la mise à jour du jeu ===

[2024-12-22 05:00:26] ✅ 8 plantes mises à jour
[2024-12-22 05:00:26] ✅ Environnement mis à jour
[2024-12-22 05:00:26] ℹ️ Pas besoin de rafraîchir les missions maintenant
[2024-12-22 05:00:26] ℹ️ Aucun événement de guilde à terminer
[2024-12-22 05:00:26] ℹ️ Jour de jeu actuel : 2047-05-29
[2024-12-22 05:00:26] ℹ️ 
=== Résumé de la mise à jour ===
[2024-12-22 05:00:26] ℹ️ Plantes mises à jour : 8
[2024-12-22 05:00:26] ℹ️ Missions rafraîchies : 0
[2024-12-22 05:00:26] ℹ️ Événements terminés : 0
[2024-12-22 05:00:26] ℹ️ === Fin de la mise à jour ===

[2024-12-22 06:00:25] ℹ️ === Début de la mise à jour du jeu ===

[2024-12-22 06:00:25] ✅ 8 plantes mises à jour
[2024-12-22 06:00:25] ✅ Environnement mis à jour
[2024-12-22 06:00:25] ℹ️ Pas besoin de rafraîchir les missions maintenant
[2024-12-22 06:00:25] ℹ️ Aucun événement de guilde à terminer
[2024-12-22 06:00:25] ℹ️ Jour de jeu actuel : 2047-05-30
[2024-12-22 06:00:25] ℹ️ 
=== Résumé de la mise à jour ===
[2024-12-22 06:00:25] ℹ️ Plantes mises à jour : 8
[2024-12-22 06:00:25] ℹ️ Missions rafraîchies : 0
[2024-12-22 06:00:25] ℹ️ Événements terminés : 0
[2024-12-22 06:00:25] ℹ️ === Fin de la mise à jour ===

[2024-12-22 07:00:25] ℹ️ === Début de la mise à jour du jeu ===

[2024-12-22 07:00:25] ✅ 8 plantes mises à jour
[2024-12-22 07:00:25] ✅ Environnement mis à jour
[2024-12-22 07:00:25] ℹ️ Pas besoin de rafraîchir les missions maintenant
[2024-12-22 07:00:25] ℹ️ Aucun événement de guilde à terminer
[2024-12-22 07:00:25] ℹ️ Jour de jeu actuel : 2047-05-31
[2024-12-22 07:00:25] ℹ️ 
=== Résumé de la mise à jour ===
[2024-12-22 07:00:25] ℹ️ Plantes mises à jour : 8
[2024-12-22 07:00:25] ℹ️ Missions rafraîchies : 0
[2024-12-22 07:00:25] ℹ️ Événements terminés : 0
[2024-12-22 07:00:25] ℹ️ === Fin de la mise à jour ===

[2024-12-22 08:00:22] ℹ️ === Début de la mise à jour du jeu ===

[2024-12-22 08:00:23] ✅ 8 plantes mises à jour
[2024-12-22 08:00:23] ✅ Environnement mis à jour
[2024-12-22 08:00:23] ℹ️ Pas besoin de rafraîchir les missions maintenant
[2024-12-22 08:00:23] ℹ️ Aucun événement de guilde à terminer
[2024-12-22 08:00:23] ℹ️ Jour de jeu actuel : 2047-06-01
[2024-12-22 08:00:23] ℹ️ 
=== Résumé de la mise à jour ===
[2024-12-22 08:00:23] ℹ️ Plantes mises à jour : 8
[2024-12-22 08:00:23] ℹ️ Missions rafraîchies : 0
[2024-12-22 08:00:23] ℹ️ Événements terminés : 0
[2024-12-22 08:00:23] ℹ️ === Fin de la mise à jour ===

[2024-12-22 09:00:24] ℹ️ === Début de la mise à jour du jeu ===

[2024-12-22 09:00:24] ✅ 8 plantes mises à jour
[2024-12-22 09:00:24] ✅ Environnement mis à jour
[2024-12-22 09:00:24] ℹ️ Pas besoin de rafraîchir les missions maintenant
[2024-12-22 09:00:24] ℹ️ Aucun événement de guilde à terminer
[2024-12-22 09:00:24] ℹ️ Jour de jeu actuel : 2047-06-02
[2024-12-22 09:00:24] ℹ️ 
=== Résumé de la mise à jour ===
[2024-12-22 09:00:24] ℹ️ Plantes mises à jour : 8
[2024-12-22 09:00:24] ℹ️ Missions rafraîchies : 0
[2024-12-22 09:00:24] ℹ️ Événements terminés : 0
[2024-12-22 09:00:24] ℹ️ === Fin de la mise à jour ===

[2024-12-22 10:00:22] ℹ️ === Début de la mise à jour du jeu ===

[2024-12-22 10:00:22] ✅ 8 plantes mises à jour
[2024-12-22 10:00:22] ✅ Environnement mis à jour
[2024-12-22 10:00:22] ℹ️ Pas besoin de rafraîchir les missions maintenant
[2024-12-22 10:00:22] ℹ️ Aucun événement de guilde à terminer
[2024-12-22 10:00:22] ℹ️ Jour de jeu actuel : 2047-06-03
[2024-12-22 10:00:22] ℹ️ 
=== Résumé de la mise à jour ===
[2024-12-22 10:00:22] ℹ️ Plantes mises à jour : 8
[2024-12-22 10:00:22] ℹ️ Missions rafraîchies : 0
[2024-12-22 10:00:22] ℹ️ Événements terminés : 0
[2024-12-22 10:00:22] ℹ️ === Fin de la mise à jour ===

[2024-12-22 11:00:23] ℹ️ === Début de la mise à jour du jeu ===

[2024-12-22 11:00:23] ✅ 8 plantes mises à jour
[2024-12-22 12:00:21] ℹ️ === Début de la mise à jour du jeu ===

[2024-12-22 12:00:21] ✅ 8 plantes mises à jour
[2024-12-22 12:00:21] ✅ Environnement mis à jour
[2024-12-22 12:00:21] ℹ️ Pas besoin de rafraîchir les missions maintenant
[2024-12-22 12:00:21] ℹ️ Aucun événement de guilde à terminer
[2024-12-22 12:00:21] ℹ️ Jour de jeu actuel : 2047-06-05
[2024-12-22 12:00:21] ℹ️ 
=== Résumé de la mise à jour ===
[2024-12-22 12:00:21] ℹ️ Plantes mises à jour : 8
[2024-12-22 12:00:21] ℹ️ Missions rafraîchies : 0
[2024-12-22 12:00:21] ℹ️ Événements terminés : 0
[2024-12-22 12:00:21] ℹ️ === Fin de la mise à jour ===

[2024-12-22 13:00:23] ℹ️ === Début de la mise à jour du jeu ===

[2024-12-22 13:00:23] ✅ 8 plantes mises à jour
[2024-12-22 13:00:23] ✅ Environnement mis à jour
[2024-12-22 13:00:23] ℹ️ Pas besoin de rafraîchir les missions maintenant
[2024-12-22 13:00:23] ℹ️ Aucun événement de guilde à terminer
[2024-12-22 13:00:23] ℹ️ Jour de jeu actuel : 2047-06-06
[2024-12-22 13:00:23] ℹ️ 
=== Résumé de la mise à jour ===
[2024-12-22 13:00:23] ℹ️ Plantes mises à jour : 8
[2024-12-22 13:00:23] ℹ️ Missions rafraîchies : 0
[2024-12-22 13:00:23] ℹ️ Événements terminés : 0
[2024-12-22 13:00:23] ℹ️ === Fin de la mise à jour ===

[2024-12-22 14:00:26] ℹ️ === Début de la mise à jour du jeu ===

[2024-12-22 14:00:26] ✅ 8 plantes mises à jour
[2024-12-22 14:00:26] ✅ Environnement mis à jour
[2024-12-22 14:00:26] ℹ️ Pas besoin de rafraîchir les missions maintenant
[2024-12-22 14:00:26] ℹ️ Aucun événement de guilde à terminer
[2024-12-22 14:00:26] ℹ️ Jour de jeu actuel : 2047-06-07
[2024-12-22 14:00:26] ℹ️ 
=== Résumé de la mise à jour ===
[2024-12-22 14:00:26] ℹ️ Plantes mises à jour : 8
[2024-12-22 14:00:26] ℹ️ Missions rafraîchies : 0
[2024-12-22 14:00:26] ℹ️ Événements terminés : 0
[2024-12-22 14:00:26] ℹ️ === Fin de la mise à jour ===

[2024-12-22 15:00:22] ℹ️ === Début de la mise à jour du jeu ===

[2024-12-22 15:00:22] ✅ 8 plantes mises à jour
[2024-12-22 15:00:22] ✅ Environnement mis à jour
[2024-12-22 15:00:22] ℹ️ Pas besoin de rafraîchir les missions maintenant
[2024-12-22 15:00:22] ℹ️ Aucun événement de guilde à terminer
[2024-12-22 15:00:22] ℹ️ Jour de jeu actuel : 2047-06-08
[2024-12-22 15:00:22] ℹ️ 
=== Résumé de la mise à jour ===
[2024-12-22 15:00:22] ℹ️ Plantes mises à jour : 8
[2024-12-22 15:00:22] ℹ️ Missions rafraîchies : 0
[2024-12-22 15:00:22] ℹ️ Événements terminés : 0
[2024-12-22 15:00:22] ℹ️ === Fin de la mise à jour ===

[2024-12-22 16:00:24] ℹ️ === Début de la mise à jour du jeu ===

[2024-12-22 16:00:24] ✅ 8 plantes mises à jour
[2024-12-22 16:00:24] ✅ Environnement mis à jour
[2024-12-22 16:00:24] ℹ️ Pas besoin de rafraîchir les missions maintenant
[2024-12-22 16:00:24] ℹ️ Aucun événement de guilde à terminer
[2024-12-22 16:00:24] ℹ️ Jour de jeu actuel : 2047-06-09
[2024-12-22 16:00:24] ℹ️ 
=== Résumé de la mise à jour ===
[2024-12-22 16:00:24] ℹ️ Plantes mises à jour : 8
[2024-12-22 16:00:24] ℹ️ Missions rafraîchies : 0
[2024-12-22 16:00:24] ℹ️ Événements terminés : 0
[2024-12-22 16:00:24] ℹ️ === Fin de la mise à jour ===

[2024-12-22 17:00:23] ℹ️ === Début de la mise à jour du jeu ===

[2024-12-22 17:00:23] ✅ 8 plantes mises à jour
[2024-12-22 17:00:23] ✅ Environnement mis à jour
[2024-12-22 17:00:23] ℹ️ Pas besoin de rafraîchir les missions maintenant
[2024-12-22 17:00:23] ℹ️ Aucun événement de guilde à terminer
[2024-12-22 17:00:23] ℹ️ Jour de jeu actuel : 2047-06-10
[2024-12-22 17:00:23] ℹ️ 
=== Résumé de la mise à jour ===
[2024-12-22 17:00:23] ℹ️ Plantes mises à jour : 8
[2024-12-22 17:00:23] ℹ️ Missions rafraîchies : 0
[2024-12-22 17:00:23] ℹ️ Événements terminés : 0
[2024-12-22 17:00:23] ℹ️ === Fin de la mise à jour ===

